ARM GAS  /var/folders/p5/kmhjbybn0dlg720ptw11fhww0000gn/T//ccONZTIy.s 			page 1


   1              		.cpu cortex-m0
   2              		.arch armv6s-m
   3              		.fpu softvfp
   4              		.eabi_attribute 20, 1
   5              		.eabi_attribute 21, 1
   6              		.eabi_attribute 23, 3
   7              		.eabi_attribute 24, 1
   8              		.eabi_attribute 25, 1
   9              		.eabi_attribute 26, 1
  10              		.eabi_attribute 30, 1
  11              		.eabi_attribute 34, 0
  12              		.eabi_attribute 18, 4
  13              		.file	"main.c"
  14              		.text
  15              	.Ltext0:
  16              		.cfi_sections	.debug_frame
  17              		.file 1 "Src/main.c"
  18              		.section	.text.TIM2_IRQHandler,"ax",%progbits
  19              		.align	1
  20              		.global	TIM2_IRQHandler
  21              		.syntax unified
  22              		.code	16
  23              		.thumb_func
  25              	TIM2_IRQHandler:
  26              	.LFB40:
   1:Src/main.c    **** /**
   2:Src/main.c    ****   *
   3:Src/main.c    ****   * Brandon Mouser
   4:Src/main.c    ****   * U0962682
   5:Src/main.c    ****   *
   6:Src/main.c    ****   ******************************************************************************
   7:Src/main.c    ****   * File Name          : main.c
   8:Src/main.c    ****   * Description        : Main program body
   9:Src/main.c    ****   ******************************************************************************
  10:Src/main.c    ****   ** This notice applies to any and all portions of this file
  11:Src/main.c    ****   * that are not between comment pairs USER CODE BEGIN and
  12:Src/main.c    ****   * USER CODE END. Other portions of this file, whether
  13:Src/main.c    ****   * inserted by the user or by software development tools
  14:Src/main.c    ****   * are owned by their respective copyright owners.
  15:Src/main.c    ****   *
  16:Src/main.c    ****   * COPYRIGHT(c) 2018 STMicroelectronics
  17:Src/main.c    ****   *
  18:Src/main.c    ****   * Redistribution and use in source and binary forms, with or without modification,
  19:Src/main.c    ****   * are permitted provided that the following conditions are met:
  20:Src/main.c    ****   *   1. Redistributions of source code must retain the above copyright notice,
  21:Src/main.c    ****   *      this list of conditions and the following disclaimer.
  22:Src/main.c    ****   *   2. Redistributions in binary form must reproduce the above copyright notice,
  23:Src/main.c    ****   *      this list of conditions and the following disclaimer in the documentation
  24:Src/main.c    ****   *      and/or other materials provided with the distribution.
  25:Src/main.c    ****   *   3. Neither the name of STMicroelectronics nor the names of its contributors
  26:Src/main.c    ****   *      may be used to endorse or promote products derived from this software
  27:Src/main.c    ****   *      without specific prior written permission.
  28:Src/main.c    ****   *
  29:Src/main.c    ****   * THIS SOFTWARE IS PROVIDED BY THE COPYRIGHT HOLDERS AND CONTRIBUTORS "AS IS"
  30:Src/main.c    ****   * AND ANY EXPRESS OR IMPLIED WARRANTIES, INCLUDING, BUT NOT LIMITED TO, THE
  31:Src/main.c    ****   * IMPLIED WARRANTIES OF MERCHANTABILITY AND FITNESS FOR A PARTICULAR PURPOSE ARE
  32:Src/main.c    ****   * DISCLAIMED. IN NO EVENT SHALL THE COPYRIGHT HOLDER OR CONTRIBUTORS BE LIABLE
ARM GAS  /var/folders/p5/kmhjbybn0dlg720ptw11fhww0000gn/T//ccONZTIy.s 			page 2


  33:Src/main.c    ****   * FOR ANY DIRECT, INDIRECT, INCIDENTAL, SPECIAL, EXEMPLARY, OR CONSEQUENTIAL
  34:Src/main.c    ****   * DAMAGES (INCLUDING, BUT NOT LIMITED TO, PROCUREMENT OF SUBSTITUTE GOODS OR
  35:Src/main.c    ****   * SERVICES; LOSS OF USE, DATA, OR PROFITS; OR BUSINESS INTERRUPTION) HOWEVER
  36:Src/main.c    ****   * CAUSED AND ON ANY THEORY OF LIABILITY, WHETHER IN CONTRACT, STRICT LIABILITY,
  37:Src/main.c    ****   * OR TORT (INCLUDING NEGLIGENCE OR OTHERWISE) ARISING IN ANY WAY OUT OF THE USE
  38:Src/main.c    ****   * OF THIS SOFTWARE, EVEN IF ADVISED OF THE POSSIBILITY OF SUCH DAMAGE.
  39:Src/main.c    ****   *
  40:Src/main.c    ****   ******************************************************************************
  41:Src/main.c    ****   */
  42:Src/main.c    **** 
  43:Src/main.c    **** /* Includes ------------------------------------------------------------------*/
  44:Src/main.c    **** #include "main.h"
  45:Src/main.c    **** #include "stm32f0xx_hal.h"
  46:Src/main.c    **** #include "stm32f072xb.h"
  47:Src/main.c    **** void _Error_Handler(char * file, int line);
  48:Src/main.c    **** 
  49:Src/main.c    **** /* USER CODE BEGIN Includes */
  50:Src/main.c    **** 
  51:Src/main.c    **** /* USER CODE END Includes */
  52:Src/main.c    **** 
  53:Src/main.c    **** /* Private variables ---------------------------------------------------------*/
  54:Src/main.c    **** 
  55:Src/main.c    **** /* USER CODE BEGIN PV */
  56:Src/main.c    **** /* Private variables ---------------------------------------------------------*/
  57:Src/main.c    **** 
  58:Src/main.c    **** 
  59:Src/main.c    **** /* USER CODE END PV */
  60:Src/main.c    **** 
  61:Src/main.c    **** /* Private function prototypes -----------------------------------------------*/
  62:Src/main.c    **** void SystemClock_Config(void);
  63:Src/main.c    **** 
  64:Src/main.c    **** /* USER CODE BEGIN PFP */
  65:Src/main.c    **** /* Private function prototypes -----------------------------------------------*/
  66:Src/main.c    **** void TIM2_IRQHandler()
  67:Src/main.c    **** {
  27              		.loc 1 67 1 view -0
  28              		.cfi_startproc
  29              		@ args = 0, pretend = 0, frame = 0
  30              		@ frame_needed = 0, uses_anonymous_args = 0
  31              		@ link register save eliminated.
  68:Src/main.c    ****   TIM2->SR &= ~(TIM_SR_UIF); // Clear the appropriate flag
  32              		.loc 1 68 3 view .LVU1
  33              		.loc 1 68 7 is_stmt 0 view .LVU2
  34 0000 8022     		movs	r2, #128
  35 0002 D205     		lsls	r2, r2, #23
  36 0004 1369     		ldr	r3, [r2, #16]
  37              		.loc 1 68 12 view .LVU3
  38 0006 0121     		movs	r1, #1
  39 0008 8B43     		bics	r3, r1
  40 000a 1361     		str	r3, [r2, #16]
  69:Src/main.c    ****   GPIOC->ODR ^= ((1 << 8) | (1 << 9));
  41              		.loc 1 69 3 is_stmt 1 view .LVU4
  42              		.loc 1 69 8 is_stmt 0 view .LVU5
  43 000c 034A     		ldr	r2, .L2
  44 000e 5169     		ldr	r1, [r2, #20]
  45              		.loc 1 69 14 view .LVU6
  46 0010 C023     		movs	r3, #192
ARM GAS  /var/folders/p5/kmhjbybn0dlg720ptw11fhww0000gn/T//ccONZTIy.s 			page 3


  47 0012 9B00     		lsls	r3, r3, #2
  48 0014 4B40     		eors	r3, r1
  49 0016 5361     		str	r3, [r2, #20]
  70:Src/main.c    **** }
  50              		.loc 1 70 1 view .LVU7
  51              		@ sp needed
  52 0018 7047     		bx	lr
  53              	.L3:
  54 001a C046     		.align	2
  55              	.L2:
  56 001c 00080048 		.word	1207961600
  57              		.cfi_endproc
  58              	.LFE40:
  60              		.section	.text._Error_Handler,"ax",%progbits
  61              		.align	1
  62              		.global	_Error_Handler
  63              		.syntax unified
  64              		.code	16
  65              		.thumb_func
  67              	_Error_Handler:
  68              	.LFB43:
  71:Src/main.c    **** 
  72:Src/main.c    **** /* USER CODE END PFP */
  73:Src/main.c    **** 
  74:Src/main.c    **** /* USER CODE BEGIN 0 */
  75:Src/main.c    **** 
  76:Src/main.c    **** /* USER CODE END 0 */
  77:Src/main.c    **** 
  78:Src/main.c    **** int main(void) 
  79:Src/main.c    **** {
  80:Src/main.c    ****   HAL_Init(); // Reset of all peripherals, init the Flash and Systick
  81:Src/main.c    ****   SystemClock_Config(); //Configure the system clock
  82:Src/main.c    **** 
  83:Src/main.c    ****   RCC->AHBENR |= RCC_AHBENR_GPIOCEN;
  84:Src/main.c    **** 
  85:Src/main.c    ****   // 3.1 Using Timer Interrupts
  86:Src/main.c    ****   RCC->APB1ENR |= RCC_APB1ENR_TIM2EN;
  87:Src/main.c    ****   TIM2->PSC = 7999;
  88:Src/main.c    ****   TIM2->ARR = 250;
  89:Src/main.c    ****   TIM2->DIER |= 0x1;
  90:Src/main.c    ****   TIM2->CR1 |= TIM_CR1_CEN;
  91:Src/main.c    **** 
  92:Src/main.c    ****   NVIC_EnableIRQ(TIM2_IRQn);
  93:Src/main.c    **** 
  94:Src/main.c    ****   // 3.2 Configuring Timer Channels to PWM Mode
  95:Src/main.c    ****   RCC->APB1ENR |= RCC_APB1ENR_TIM3EN;
  96:Src/main.c    ****   TIM3->PSC = 79;
  97:Src/main.c    ****   TIM3->ARR = 125;
  98:Src/main.c    **** 
  99:Src/main.c    ****   // Set Channels to Output
 100:Src/main.c    ****   TIM3->CCMR1 &= ~(TIM_CCMR1_CC1S_0 | TIM_CCMR1_CC1S_1); // channel 1
 101:Src/main.c    ****   TIM3->CCMR1 &= ~(TIM_CCMR1_CC2S_0 | TIM_CCMR1_CC2S_1); // channel 2
 102:Src/main.c    **** 
 103:Src/main.c    ****   // output channel 1 to PWM Mode 2 (111), output channel 2 to PWM Mode 1 (110)
 104:Src/main.c    ****   TIM3->CCMR1 |= (TIM_CCMR1_OC1M_0 | TIM_CCMR1_OC1M_1 | TIM_CCMR1_OC1M_2);
 105:Src/main.c    ****   TIM3->CCMR1 |= (TIM_CCMR1_OC2M_1 | TIM_CCMR1_OC2M_2);
 106:Src/main.c    ****   TIM3->CCMR1 &= ~TIM_CCMR1_OC2M_0;
ARM GAS  /var/folders/p5/kmhjbybn0dlg720ptw11fhww0000gn/T//ccONZTIy.s 			page 4


 107:Src/main.c    ****   
 108:Src/main.c    ****   TIM3->CCMR1 |= TIM_CCMR1_OC1PE; // Enable OC1PE
 109:Src/main.c    ****   TIM3->CCMR1 |= TIM_CCMR1_OC2PE; // Enable OC2PE
 110:Src/main.c    ****   TIM3->CR1 |= TIM_CR1_CEN;
 111:Src/main.c    **** 
 112:Src/main.c    ****   TIM3->CCER |= (TIM_CCER_CC1E | TIM_CCER_CC2E);
 113:Src/main.c    **** 
 114:Src/main.c    ****   TIM3->CCR1 = 25; // 125 * 0.2 = 25, 125 * 0.9 = 112.5
 115:Src/main.c    ****   TIM3->CCR2 = 25; // 125 * 0.2 = 25, 125 * 0.9 = 112.5
 116:Src/main.c    **** 
 117:Src/main.c    ****   // 3.3 Configuring Pin Alternate Functions
 118:Src/main.c    **** 
 119:Src/main.c    ****   // Set up a configuration struct to pass to the initialization function\
 120:Src/main.c    ****   // alternate function mode for PC6 and PC7
 121:Src/main.c    ****   GPIOC->MODER |= (GPIO_MODER_MODER9_0 | GPIO_MODER_MODER8_0 | GPIO_MODER_MODER7_1 | GPIO_MODER_MOD
 122:Src/main.c    ****   GPIOC->MODER &= ~(GPIO_MODER_MODER9_1 | GPIO_MODER_MODER8_1 | GPIO_MODER_MODER7_0 | GPIO_MODER_MO
 123:Src/main.c    ****   GPIOC->OTYPER &= ~(GPIO_OTYPER_OT_8 | GPIO_OTYPER_OT_9 | GPIO_OTYPER_OT_6 | GPIO_OTYPER_OT_7);
 124:Src/main.c    ****   GPIOC->OSPEEDR &= ~(GPIO_OSPEEDR_OSPEEDR8 | GPIO_OSPEEDR_OSPEEDR9 | GPIO_OSPEEDR_OSPEEDR6 | GPIO_
 125:Src/main.c    ****   GPIOC->PUPDR &= ~(GPIO_PUPDR_PUPDR8 | GPIO_PUPDR_PUPDR9 | GPIO_PUPDR_PUPDR6 | GPIO_PUPDR_PUPDR7);
 126:Src/main.c    ****   GPIOC->AFR[0] |= GPIO_AFRL_AFRL0;
 127:Src/main.c    ****   GPIOC->AFR[1] |= GPIO_AFRH_AFRH0;
 128:Src/main.c    **** 
 129:Src/main.c    ****   GPIOC->ODR |= (GPIO_ODR_9);
 130:Src/main.c    **** }
 131:Src/main.c    **** 
 132:Src/main.c    **** /** System Clock Configuration
 133:Src/main.c    **** */
 134:Src/main.c    **** void SystemClock_Config(void)
 135:Src/main.c    **** {
 136:Src/main.c    **** 
 137:Src/main.c    ****   RCC_OscInitTypeDef RCC_OscInitStruct;
 138:Src/main.c    ****   RCC_ClkInitTypeDef RCC_ClkInitStruct;
 139:Src/main.c    **** 
 140:Src/main.c    ****     /**Initializes the CPU, AHB and APB busses clocks
 141:Src/main.c    ****     */
 142:Src/main.c    ****   RCC_OscInitStruct.OscillatorType = RCC_OSCILLATORTYPE_HSI;
 143:Src/main.c    ****   RCC_OscInitStruct.HSIState = RCC_HSI_ON;
 144:Src/main.c    ****   RCC_OscInitStruct.HSICalibrationValue = 16;
 145:Src/main.c    ****   RCC_OscInitStruct.PLL.PLLState = RCC_PLL_NONE;
 146:Src/main.c    ****   if (HAL_RCC_OscConfig(&RCC_OscInitStruct) != HAL_OK)
 147:Src/main.c    ****   {
 148:Src/main.c    ****     _Error_Handler(__FILE__, __LINE__);
 149:Src/main.c    ****   }
 150:Src/main.c    **** 
 151:Src/main.c    ****     /**Initializes the CPU, AHB and APB busses clocks
 152:Src/main.c    ****     */
 153:Src/main.c    ****   RCC_ClkInitStruct.ClockType =  RCC_CLOCKTYPE_HCLK | RCC_CLOCKTYPE_SYSCLK |RCC_CLOCKTYPE_PCLK1;
 154:Src/main.c    ****   RCC_ClkInitStruct.SYSCLKSource = RCC_SYSCLKSOURCE_HSI;
 155:Src/main.c    ****   RCC_ClkInitStruct.AHBCLKDivider = RCC_SYSCLK_DIV1;
 156:Src/main.c    ****   RCC_ClkInitStruct.APB1CLKDivider = RCC_HCLK_DIV1;
 157:Src/main.c    **** 
 158:Src/main.c    ****   if (HAL_RCC_ClockConfig(&RCC_ClkInitStruct, FLASH_LATENCY_0) != HAL_OK)
 159:Src/main.c    ****   {
 160:Src/main.c    ****     _Error_Handler(__FILE__, __LINE__);
 161:Src/main.c    ****   }
 162:Src/main.c    **** 
 163:Src/main.c    ****     /**Configure the Systick interrupt time
ARM GAS  /var/folders/p5/kmhjbybn0dlg720ptw11fhww0000gn/T//ccONZTIy.s 			page 5


 164:Src/main.c    ****     */
 165:Src/main.c    ****   HAL_SYSTICK_Config(HAL_RCC_GetHCLKFreq()/1000);
 166:Src/main.c    **** 
 167:Src/main.c    ****     /**Configure the Systick
 168:Src/main.c    ****     */
 169:Src/main.c    ****   HAL_SYSTICK_CLKSourceConfig(SYSTICK_CLKSOURCE_HCLK);
 170:Src/main.c    **** 
 171:Src/main.c    ****   /* SysTick_IRQn interrupt configuration */
 172:Src/main.c    ****   HAL_NVIC_SetPriority(SysTick_IRQn, 0, 0);
 173:Src/main.c    **** }
 174:Src/main.c    **** 
 175:Src/main.c    **** /* USER CODE BEGIN 4 */
 176:Src/main.c    **** 
 177:Src/main.c    **** /* USER CODE END 4 */
 178:Src/main.c    **** 
 179:Src/main.c    **** /**
 180:Src/main.c    ****   * @brief  This function is executed in case of error occurrence.
 181:Src/main.c    ****   * @param  None
 182:Src/main.c    ****   * @retval None
 183:Src/main.c    ****   */
 184:Src/main.c    **** void _Error_Handler(char * file, int line)
 185:Src/main.c    **** {
  69              		.loc 1 185 1 is_stmt 1 view -0
  70              		.cfi_startproc
  71              		@ Volatile: function does not return.
  72              		@ args = 0, pretend = 0, frame = 0
  73              		@ frame_needed = 0, uses_anonymous_args = 0
  74              		@ link register save eliminated.
  75              	.LVL0:
  76              	.L5:
 186:Src/main.c    ****   /* USER CODE BEGIN Error_Handler_Debug */
 187:Src/main.c    ****   /* User can add his own implementation to report the HAL error return state */
 188:Src/main.c    ****   while(1)
  77              		.loc 1 188 3 view .LVU9
 189:Src/main.c    ****   {
 190:Src/main.c    ****   }
  78              		.loc 1 190 3 view .LVU10
 188:Src/main.c    ****   {
  79              		.loc 1 188 8 view .LVU11
  80 0000 FEE7     		b	.L5
  81              		.cfi_endproc
  82              	.LFE43:
  84              		.section	.rodata.SystemClock_Config.str1.4,"aMS",%progbits,1
  85              		.align	2
  86              	.LC0:
  87 0000 5372632F 		.ascii	"Src/main.c\000"
  87      6D61696E 
  87      2E6300
  88              		.global	__aeabi_uidiv
  89              		.section	.text.SystemClock_Config,"ax",%progbits
  90              		.align	1
  91              		.global	SystemClock_Config
  92              		.syntax unified
  93              		.code	16
  94              		.thumb_func
  96              	SystemClock_Config:
  97              	.LFB42:
ARM GAS  /var/folders/p5/kmhjbybn0dlg720ptw11fhww0000gn/T//ccONZTIy.s 			page 6


 135:Src/main.c    **** 
  98              		.loc 1 135 1 view -0
  99              		.cfi_startproc
 100              		@ args = 0, pretend = 0, frame = 72
 101              		@ frame_needed = 0, uses_anonymous_args = 0
 102 0000 00B5     		push	{lr}
 103              	.LCFI0:
 104              		.cfi_def_cfa_offset 4
 105              		.cfi_offset 14, -4
 106 0002 93B0     		sub	sp, sp, #76
 107              	.LCFI1:
 108              		.cfi_def_cfa_offset 80
 137:Src/main.c    ****   RCC_ClkInitTypeDef RCC_ClkInitStruct;
 109              		.loc 1 137 3 view .LVU13
 138:Src/main.c    **** 
 110              		.loc 1 138 3 view .LVU14
 142:Src/main.c    ****   RCC_OscInitStruct.HSIState = RCC_HSI_ON;
 111              		.loc 1 142 3 view .LVU15
 142:Src/main.c    ****   RCC_OscInitStruct.HSIState = RCC_HSI_ON;
 112              		.loc 1 142 36 is_stmt 0 view .LVU16
 113 0004 0223     		movs	r3, #2
 114 0006 0593     		str	r3, [sp, #20]
 143:Src/main.c    ****   RCC_OscInitStruct.HSICalibrationValue = 16;
 115              		.loc 1 143 3 is_stmt 1 view .LVU17
 143:Src/main.c    ****   RCC_OscInitStruct.HSICalibrationValue = 16;
 116              		.loc 1 143 30 is_stmt 0 view .LVU18
 117 0008 013B     		subs	r3, r3, #1
 118 000a 0893     		str	r3, [sp, #32]
 144:Src/main.c    ****   RCC_OscInitStruct.PLL.PLLState = RCC_PLL_NONE;
 119              		.loc 1 144 3 is_stmt 1 view .LVU19
 144:Src/main.c    ****   RCC_OscInitStruct.PLL.PLLState = RCC_PLL_NONE;
 120              		.loc 1 144 41 is_stmt 0 view .LVU20
 121 000c 0F33     		adds	r3, r3, #15
 122 000e 0993     		str	r3, [sp, #36]
 145:Src/main.c    ****   if (HAL_RCC_OscConfig(&RCC_OscInitStruct) != HAL_OK)
 123              		.loc 1 145 3 is_stmt 1 view .LVU21
 145:Src/main.c    ****   if (HAL_RCC_OscConfig(&RCC_OscInitStruct) != HAL_OK)
 124              		.loc 1 145 34 is_stmt 0 view .LVU22
 125 0010 0023     		movs	r3, #0
 126 0012 0E93     		str	r3, [sp, #56]
 146:Src/main.c    ****   {
 127              		.loc 1 146 3 is_stmt 1 view .LVU23
 146:Src/main.c    ****   {
 128              		.loc 1 146 7 is_stmt 0 view .LVU24
 129 0014 05A8     		add	r0, sp, #20
 130 0016 FFF7FEFF 		bl	HAL_RCC_OscConfig
 131              	.LVL1:
 146:Src/main.c    ****   {
 132              		.loc 1 146 6 discriminator 1 view .LVU25
 133 001a 0028     		cmp	r0, #0
 134 001c 1ED1     		bne	.L9
 153:Src/main.c    ****   RCC_ClkInitStruct.SYSCLKSource = RCC_SYSCLKSOURCE_HSI;
 135              		.loc 1 153 3 is_stmt 1 view .LVU26
 153:Src/main.c    ****   RCC_ClkInitStruct.SYSCLKSource = RCC_SYSCLKSOURCE_HSI;
 136              		.loc 1 153 31 is_stmt 0 view .LVU27
 137 001e 0723     		movs	r3, #7
 138 0020 0193     		str	r3, [sp, #4]
ARM GAS  /var/folders/p5/kmhjbybn0dlg720ptw11fhww0000gn/T//ccONZTIy.s 			page 7


 154:Src/main.c    ****   RCC_ClkInitStruct.AHBCLKDivider = RCC_SYSCLK_DIV1;
 139              		.loc 1 154 3 is_stmt 1 view .LVU28
 154:Src/main.c    ****   RCC_ClkInitStruct.AHBCLKDivider = RCC_SYSCLK_DIV1;
 140              		.loc 1 154 34 is_stmt 0 view .LVU29
 141 0022 0023     		movs	r3, #0
 142 0024 0293     		str	r3, [sp, #8]
 155:Src/main.c    ****   RCC_ClkInitStruct.APB1CLKDivider = RCC_HCLK_DIV1;
 143              		.loc 1 155 3 is_stmt 1 view .LVU30
 155:Src/main.c    ****   RCC_ClkInitStruct.APB1CLKDivider = RCC_HCLK_DIV1;
 144              		.loc 1 155 35 is_stmt 0 view .LVU31
 145 0026 0393     		str	r3, [sp, #12]
 156:Src/main.c    **** 
 146              		.loc 1 156 3 is_stmt 1 view .LVU32
 156:Src/main.c    **** 
 147              		.loc 1 156 36 is_stmt 0 view .LVU33
 148 0028 0493     		str	r3, [sp, #16]
 158:Src/main.c    ****   {
 149              		.loc 1 158 3 is_stmt 1 view .LVU34
 158:Src/main.c    ****   {
 150              		.loc 1 158 7 is_stmt 0 view .LVU35
 151 002a 0021     		movs	r1, #0
 152 002c 01A8     		add	r0, sp, #4
 153 002e FFF7FEFF 		bl	HAL_RCC_ClockConfig
 154              	.LVL2:
 158:Src/main.c    ****   {
 155              		.loc 1 158 6 discriminator 1 view .LVU36
 156 0032 0028     		cmp	r0, #0
 157 0034 16D1     		bne	.L10
 165:Src/main.c    **** 
 158              		.loc 1 165 3 is_stmt 1 view .LVU37
 165:Src/main.c    **** 
 159              		.loc 1 165 22 is_stmt 0 view .LVU38
 160 0036 FFF7FEFF 		bl	HAL_RCC_GetHCLKFreq
 161              	.LVL3:
 165:Src/main.c    **** 
 162              		.loc 1 165 3 discriminator 1 view .LVU39
 163 003a FA21     		movs	r1, #250
 164 003c 8900     		lsls	r1, r1, #2
 165 003e FFF7FEFF 		bl	__aeabi_uidiv
 166              	.LVL4:
 167 0042 FFF7FEFF 		bl	HAL_SYSTICK_Config
 168              	.LVL5:
 169:Src/main.c    **** 
 169              		.loc 1 169 3 is_stmt 1 view .LVU40
 170 0046 0420     		movs	r0, #4
 171 0048 FFF7FEFF 		bl	HAL_SYSTICK_CLKSourceConfig
 172              	.LVL6:
 172:Src/main.c    **** }
 173              		.loc 1 172 3 view .LVU41
 174 004c 0120     		movs	r0, #1
 175 004e 0022     		movs	r2, #0
 176 0050 0021     		movs	r1, #0
 177 0052 4042     		rsbs	r0, r0, #0
 178 0054 FFF7FEFF 		bl	HAL_NVIC_SetPriority
 179              	.LVL7:
 173:Src/main.c    **** 
 180              		.loc 1 173 1 is_stmt 0 view .LVU42
ARM GAS  /var/folders/p5/kmhjbybn0dlg720ptw11fhww0000gn/T//ccONZTIy.s 			page 8


 181 0058 13B0     		add	sp, sp, #76
 182              		@ sp needed
 183 005a 00BD     		pop	{pc}
 184              	.L9:
 148:Src/main.c    ****   }
 185              		.loc 1 148 5 is_stmt 1 view .LVU43
 186 005c 0348     		ldr	r0, .L11
 187 005e 9421     		movs	r1, #148
 188 0060 FFF7FEFF 		bl	_Error_Handler
 189              	.LVL8:
 190              	.L10:
 160:Src/main.c    ****   }
 191              		.loc 1 160 5 view .LVU44
 192 0064 0148     		ldr	r0, .L11
 193 0066 A021     		movs	r1, #160
 194 0068 FFF7FEFF 		bl	_Error_Handler
 195              	.LVL9:
 196              	.L12:
 197              		.align	2
 198              	.L11:
 199 006c 00000000 		.word	.LC0
 200              		.cfi_endproc
 201              	.LFE42:
 203              		.section	.text.main,"ax",%progbits
 204              		.align	1
 205              		.global	main
 206              		.syntax unified
 207              		.code	16
 208              		.thumb_func
 210              	main:
 211              	.LFB41:
  79:Src/main.c    ****   HAL_Init(); // Reset of all peripherals, init the Flash and Systick
 212              		.loc 1 79 1 view -0
 213              		.cfi_startproc
 214              		@ args = 0, pretend = 0, frame = 0
 215              		@ frame_needed = 0, uses_anonymous_args = 0
 216 0000 10B5     		push	{r4, lr}
 217              	.LCFI2:
 218              		.cfi_def_cfa_offset 8
 219              		.cfi_offset 4, -8
 220              		.cfi_offset 14, -4
  80:Src/main.c    ****   SystemClock_Config(); //Configure the system clock
 221              		.loc 1 80 3 view .LVU46
 222 0002 FFF7FEFF 		bl	HAL_Init
 223              	.LVL10:
  81:Src/main.c    **** 
 224              		.loc 1 81 3 view .LVU47
 225 0006 FFF7FEFF 		bl	SystemClock_Config
 226              	.LVL11:
  83:Src/main.c    **** 
 227              		.loc 1 83 3 view .LVU48
  83:Src/main.c    **** 
 228              		.loc 1 83 6 is_stmt 0 view .LVU49
 229 000a 374B     		ldr	r3, .L14
 230 000c 5969     		ldr	r1, [r3, #20]
  83:Src/main.c    **** 
 231              		.loc 1 83 15 view .LVU50
ARM GAS  /var/folders/p5/kmhjbybn0dlg720ptw11fhww0000gn/T//ccONZTIy.s 			page 9


 232 000e 8022     		movs	r2, #128
 233 0010 1203     		lsls	r2, r2, #12
 234 0012 0A43     		orrs	r2, r1
 235 0014 5A61     		str	r2, [r3, #20]
  86:Src/main.c    ****   TIM2->PSC = 7999;
 236              		.loc 1 86 3 is_stmt 1 view .LVU51
  86:Src/main.c    ****   TIM2->PSC = 7999;
 237              		.loc 1 86 6 is_stmt 0 view .LVU52
 238 0016 DA69     		ldr	r2, [r3, #28]
  86:Src/main.c    ****   TIM2->PSC = 7999;
 239              		.loc 1 86 16 view .LVU53
 240 0018 0121     		movs	r1, #1
 241 001a 0A43     		orrs	r2, r1
 242 001c DA61     		str	r2, [r3, #28]
  87:Src/main.c    ****   TIM2->ARR = 250;
 243              		.loc 1 87 3 is_stmt 1 view .LVU54
  87:Src/main.c    ****   TIM2->ARR = 250;
 244              		.loc 1 87 13 is_stmt 0 view .LVU55
 245 001e 8022     		movs	r2, #128
 246 0020 D205     		lsls	r2, r2, #23
 247 0022 3248     		ldr	r0, .L14+4
 248 0024 9062     		str	r0, [r2, #40]
  88:Src/main.c    ****   TIM2->DIER |= 0x1;
 249              		.loc 1 88 3 is_stmt 1 view .LVU56
  88:Src/main.c    ****   TIM2->DIER |= 0x1;
 250              		.loc 1 88 13 is_stmt 0 view .LVU57
 251 0026 FA20     		movs	r0, #250
 252 0028 D062     		str	r0, [r2, #44]
  89:Src/main.c    ****   TIM2->CR1 |= TIM_CR1_CEN;
 253              		.loc 1 89 3 is_stmt 1 view .LVU58
  89:Src/main.c    ****   TIM2->CR1 |= TIM_CR1_CEN;
 254              		.loc 1 89 7 is_stmt 0 view .LVU59
 255 002a D068     		ldr	r0, [r2, #12]
  89:Src/main.c    ****   TIM2->CR1 |= TIM_CR1_CEN;
 256              		.loc 1 89 14 view .LVU60
 257 002c 0843     		orrs	r0, r1
 258 002e D060     		str	r0, [r2, #12]
  90:Src/main.c    **** 
 259              		.loc 1 90 3 is_stmt 1 view .LVU61
  90:Src/main.c    **** 
 260              		.loc 1 90 7 is_stmt 0 view .LVU62
 261 0030 1068     		ldr	r0, [r2]
  90:Src/main.c    **** 
 262              		.loc 1 90 13 view .LVU63
 263 0032 0843     		orrs	r0, r1
 264 0034 1060     		str	r0, [r2]
  92:Src/main.c    **** 
 265              		.loc 1 92 3 is_stmt 1 view .LVU64
 266              	.LVL12:
 267              	.LBB4:
 268              	.LBI4:
 269              		.file 2 "Drivers/CMSIS/Include/core_cm0.h"
   1:Drivers/CMSIS/Include/core_cm0.h **** /**************************************************************************//**
   2:Drivers/CMSIS/Include/core_cm0.h ****  * @file     core_cm0.h
   3:Drivers/CMSIS/Include/core_cm0.h ****  * @brief    CMSIS Cortex-M0 Core Peripheral Access Layer Header File
   4:Drivers/CMSIS/Include/core_cm0.h ****  * @version  V5.0.5
   5:Drivers/CMSIS/Include/core_cm0.h ****  * @date     28. May 2018
ARM GAS  /var/folders/p5/kmhjbybn0dlg720ptw11fhww0000gn/T//ccONZTIy.s 			page 10


   6:Drivers/CMSIS/Include/core_cm0.h ****  ******************************************************************************/
   7:Drivers/CMSIS/Include/core_cm0.h **** /*
   8:Drivers/CMSIS/Include/core_cm0.h ****  * Copyright (c) 2009-2018 Arm Limited. All rights reserved.
   9:Drivers/CMSIS/Include/core_cm0.h ****  *
  10:Drivers/CMSIS/Include/core_cm0.h ****  * SPDX-License-Identifier: Apache-2.0
  11:Drivers/CMSIS/Include/core_cm0.h ****  *
  12:Drivers/CMSIS/Include/core_cm0.h ****  * Licensed under the Apache License, Version 2.0 (the License); you may
  13:Drivers/CMSIS/Include/core_cm0.h ****  * not use this file except in compliance with the License.
  14:Drivers/CMSIS/Include/core_cm0.h ****  * You may obtain a copy of the License at
  15:Drivers/CMSIS/Include/core_cm0.h ****  *
  16:Drivers/CMSIS/Include/core_cm0.h ****  * www.apache.org/licenses/LICENSE-2.0
  17:Drivers/CMSIS/Include/core_cm0.h ****  *
  18:Drivers/CMSIS/Include/core_cm0.h ****  * Unless required by applicable law or agreed to in writing, software
  19:Drivers/CMSIS/Include/core_cm0.h ****  * distributed under the License is distributed on an AS IS BASIS, WITHOUT
  20:Drivers/CMSIS/Include/core_cm0.h ****  * WARRANTIES OR CONDITIONS OF ANY KIND, either express or implied.
  21:Drivers/CMSIS/Include/core_cm0.h ****  * See the License for the specific language governing permissions and
  22:Drivers/CMSIS/Include/core_cm0.h ****  * limitations under the License.
  23:Drivers/CMSIS/Include/core_cm0.h ****  */
  24:Drivers/CMSIS/Include/core_cm0.h **** 
  25:Drivers/CMSIS/Include/core_cm0.h **** #if   defined ( __ICCARM__ )
  26:Drivers/CMSIS/Include/core_cm0.h ****   #pragma system_include         /* treat file as system include file for MISRA check */
  27:Drivers/CMSIS/Include/core_cm0.h **** #elif defined (__clang__)
  28:Drivers/CMSIS/Include/core_cm0.h ****   #pragma clang system_header   /* treat file as system include file */
  29:Drivers/CMSIS/Include/core_cm0.h **** #endif
  30:Drivers/CMSIS/Include/core_cm0.h **** 
  31:Drivers/CMSIS/Include/core_cm0.h **** #ifndef __CORE_CM0_H_GENERIC
  32:Drivers/CMSIS/Include/core_cm0.h **** #define __CORE_CM0_H_GENERIC
  33:Drivers/CMSIS/Include/core_cm0.h **** 
  34:Drivers/CMSIS/Include/core_cm0.h **** #include <stdint.h>
  35:Drivers/CMSIS/Include/core_cm0.h **** 
  36:Drivers/CMSIS/Include/core_cm0.h **** #ifdef __cplusplus
  37:Drivers/CMSIS/Include/core_cm0.h ****  extern "C" {
  38:Drivers/CMSIS/Include/core_cm0.h **** #endif
  39:Drivers/CMSIS/Include/core_cm0.h **** 
  40:Drivers/CMSIS/Include/core_cm0.h **** /**
  41:Drivers/CMSIS/Include/core_cm0.h ****   \page CMSIS_MISRA_Exceptions  MISRA-C:2004 Compliance Exceptions
  42:Drivers/CMSIS/Include/core_cm0.h ****   CMSIS violates the following MISRA-C:2004 rules:
  43:Drivers/CMSIS/Include/core_cm0.h **** 
  44:Drivers/CMSIS/Include/core_cm0.h ****    \li Required Rule 8.5, object/function definition in header file.<br>
  45:Drivers/CMSIS/Include/core_cm0.h ****      Function definitions in header files are used to allow 'inlining'.
  46:Drivers/CMSIS/Include/core_cm0.h **** 
  47:Drivers/CMSIS/Include/core_cm0.h ****    \li Required Rule 18.4, declaration of union type or object of union type: '{...}'.<br>
  48:Drivers/CMSIS/Include/core_cm0.h ****      Unions are used for effective representation of core registers.
  49:Drivers/CMSIS/Include/core_cm0.h **** 
  50:Drivers/CMSIS/Include/core_cm0.h ****    \li Advisory Rule 19.7, Function-like macro defined.<br>
  51:Drivers/CMSIS/Include/core_cm0.h ****      Function-like macros are used to allow more efficient code.
  52:Drivers/CMSIS/Include/core_cm0.h ****  */
  53:Drivers/CMSIS/Include/core_cm0.h **** 
  54:Drivers/CMSIS/Include/core_cm0.h **** 
  55:Drivers/CMSIS/Include/core_cm0.h **** /*******************************************************************************
  56:Drivers/CMSIS/Include/core_cm0.h ****  *                 CMSIS definitions
  57:Drivers/CMSIS/Include/core_cm0.h ****  ******************************************************************************/
  58:Drivers/CMSIS/Include/core_cm0.h **** /**
  59:Drivers/CMSIS/Include/core_cm0.h ****   \ingroup Cortex_M0
  60:Drivers/CMSIS/Include/core_cm0.h ****   @{
  61:Drivers/CMSIS/Include/core_cm0.h ****  */
  62:Drivers/CMSIS/Include/core_cm0.h **** 
ARM GAS  /var/folders/p5/kmhjbybn0dlg720ptw11fhww0000gn/T//ccONZTIy.s 			page 11


  63:Drivers/CMSIS/Include/core_cm0.h **** #include "cmsis_version.h"
  64:Drivers/CMSIS/Include/core_cm0.h ****  
  65:Drivers/CMSIS/Include/core_cm0.h **** /*  CMSIS CM0 definitions */
  66:Drivers/CMSIS/Include/core_cm0.h **** #define __CM0_CMSIS_VERSION_MAIN  (__CM_CMSIS_VERSION_MAIN)              /*!< \deprecated [31:16] C
  67:Drivers/CMSIS/Include/core_cm0.h **** #define __CM0_CMSIS_VERSION_SUB   (__CM_CMSIS_VERSION_SUB)               /*!< \deprecated [15:0]  C
  68:Drivers/CMSIS/Include/core_cm0.h **** #define __CM0_CMSIS_VERSION       ((__CM0_CMSIS_VERSION_MAIN << 16U) | \
  69:Drivers/CMSIS/Include/core_cm0.h ****                                     __CM0_CMSIS_VERSION_SUB           )  /*!< \deprecated CMSIS HAL
  70:Drivers/CMSIS/Include/core_cm0.h **** 
  71:Drivers/CMSIS/Include/core_cm0.h **** #define __CORTEX_M                (0U)                                   /*!< Cortex-M Core */
  72:Drivers/CMSIS/Include/core_cm0.h **** 
  73:Drivers/CMSIS/Include/core_cm0.h **** /** __FPU_USED indicates whether an FPU is used or not.
  74:Drivers/CMSIS/Include/core_cm0.h ****     This core does not support an FPU at all
  75:Drivers/CMSIS/Include/core_cm0.h **** */
  76:Drivers/CMSIS/Include/core_cm0.h **** #define __FPU_USED       0U
  77:Drivers/CMSIS/Include/core_cm0.h **** 
  78:Drivers/CMSIS/Include/core_cm0.h **** #if defined ( __CC_ARM )
  79:Drivers/CMSIS/Include/core_cm0.h ****   #if defined __TARGET_FPU_VFP
  80:Drivers/CMSIS/Include/core_cm0.h ****     #error "Compiler generates FPU instructions for a device without an FPU (check __FPU_PRESENT)"
  81:Drivers/CMSIS/Include/core_cm0.h ****   #endif
  82:Drivers/CMSIS/Include/core_cm0.h **** 
  83:Drivers/CMSIS/Include/core_cm0.h **** #elif defined (__ARMCC_VERSION) && (__ARMCC_VERSION >= 6010050)
  84:Drivers/CMSIS/Include/core_cm0.h ****   #if defined __ARM_PCS_VFP
  85:Drivers/CMSIS/Include/core_cm0.h ****     #error "Compiler generates FPU instructions for a device without an FPU (check __FPU_PRESENT)"
  86:Drivers/CMSIS/Include/core_cm0.h ****   #endif
  87:Drivers/CMSIS/Include/core_cm0.h **** 
  88:Drivers/CMSIS/Include/core_cm0.h **** #elif defined ( __GNUC__ )
  89:Drivers/CMSIS/Include/core_cm0.h ****   #if defined (__VFP_FP__) && !defined(__SOFTFP__)
  90:Drivers/CMSIS/Include/core_cm0.h ****     #error "Compiler generates FPU instructions for a device without an FPU (check __FPU_PRESENT)"
  91:Drivers/CMSIS/Include/core_cm0.h ****   #endif
  92:Drivers/CMSIS/Include/core_cm0.h **** 
  93:Drivers/CMSIS/Include/core_cm0.h **** #elif defined ( __ICCARM__ )
  94:Drivers/CMSIS/Include/core_cm0.h ****   #if defined __ARMVFP__
  95:Drivers/CMSIS/Include/core_cm0.h ****     #error "Compiler generates FPU instructions for a device without an FPU (check __FPU_PRESENT)"
  96:Drivers/CMSIS/Include/core_cm0.h ****   #endif
  97:Drivers/CMSIS/Include/core_cm0.h **** 
  98:Drivers/CMSIS/Include/core_cm0.h **** #elif defined ( __TI_ARM__ )
  99:Drivers/CMSIS/Include/core_cm0.h ****   #if defined __TI_VFP_SUPPORT__
 100:Drivers/CMSIS/Include/core_cm0.h ****     #error "Compiler generates FPU instructions for a device without an FPU (check __FPU_PRESENT)"
 101:Drivers/CMSIS/Include/core_cm0.h ****   #endif
 102:Drivers/CMSIS/Include/core_cm0.h **** 
 103:Drivers/CMSIS/Include/core_cm0.h **** #elif defined ( __TASKING__ )
 104:Drivers/CMSIS/Include/core_cm0.h ****   #if defined __FPU_VFP__
 105:Drivers/CMSIS/Include/core_cm0.h ****     #error "Compiler generates FPU instructions for a device without an FPU (check __FPU_PRESENT)"
 106:Drivers/CMSIS/Include/core_cm0.h ****   #endif
 107:Drivers/CMSIS/Include/core_cm0.h **** 
 108:Drivers/CMSIS/Include/core_cm0.h **** #elif defined ( __CSMC__ )
 109:Drivers/CMSIS/Include/core_cm0.h ****   #if ( __CSMC__ & 0x400U)
 110:Drivers/CMSIS/Include/core_cm0.h ****     #error "Compiler generates FPU instructions for a device without an FPU (check __FPU_PRESENT)"
 111:Drivers/CMSIS/Include/core_cm0.h ****   #endif
 112:Drivers/CMSIS/Include/core_cm0.h **** 
 113:Drivers/CMSIS/Include/core_cm0.h **** #endif
 114:Drivers/CMSIS/Include/core_cm0.h **** 
 115:Drivers/CMSIS/Include/core_cm0.h **** #include "cmsis_compiler.h"               /* CMSIS compiler specific defines */
 116:Drivers/CMSIS/Include/core_cm0.h **** 
 117:Drivers/CMSIS/Include/core_cm0.h **** 
 118:Drivers/CMSIS/Include/core_cm0.h **** #ifdef __cplusplus
 119:Drivers/CMSIS/Include/core_cm0.h **** }
ARM GAS  /var/folders/p5/kmhjbybn0dlg720ptw11fhww0000gn/T//ccONZTIy.s 			page 12


 120:Drivers/CMSIS/Include/core_cm0.h **** #endif
 121:Drivers/CMSIS/Include/core_cm0.h **** 
 122:Drivers/CMSIS/Include/core_cm0.h **** #endif /* __CORE_CM0_H_GENERIC */
 123:Drivers/CMSIS/Include/core_cm0.h **** 
 124:Drivers/CMSIS/Include/core_cm0.h **** #ifndef __CMSIS_GENERIC
 125:Drivers/CMSIS/Include/core_cm0.h **** 
 126:Drivers/CMSIS/Include/core_cm0.h **** #ifndef __CORE_CM0_H_DEPENDANT
 127:Drivers/CMSIS/Include/core_cm0.h **** #define __CORE_CM0_H_DEPENDANT
 128:Drivers/CMSIS/Include/core_cm0.h **** 
 129:Drivers/CMSIS/Include/core_cm0.h **** #ifdef __cplusplus
 130:Drivers/CMSIS/Include/core_cm0.h ****  extern "C" {
 131:Drivers/CMSIS/Include/core_cm0.h **** #endif
 132:Drivers/CMSIS/Include/core_cm0.h **** 
 133:Drivers/CMSIS/Include/core_cm0.h **** /* check device defines and use defaults */
 134:Drivers/CMSIS/Include/core_cm0.h **** #if defined __CHECK_DEVICE_DEFINES
 135:Drivers/CMSIS/Include/core_cm0.h ****   #ifndef __CM0_REV
 136:Drivers/CMSIS/Include/core_cm0.h ****     #define __CM0_REV               0x0000U
 137:Drivers/CMSIS/Include/core_cm0.h ****     #warning "__CM0_REV not defined in device header file; using default!"
 138:Drivers/CMSIS/Include/core_cm0.h ****   #endif
 139:Drivers/CMSIS/Include/core_cm0.h **** 
 140:Drivers/CMSIS/Include/core_cm0.h ****   #ifndef __NVIC_PRIO_BITS
 141:Drivers/CMSIS/Include/core_cm0.h ****     #define __NVIC_PRIO_BITS          2U
 142:Drivers/CMSIS/Include/core_cm0.h ****     #warning "__NVIC_PRIO_BITS not defined in device header file; using default!"
 143:Drivers/CMSIS/Include/core_cm0.h ****   #endif
 144:Drivers/CMSIS/Include/core_cm0.h **** 
 145:Drivers/CMSIS/Include/core_cm0.h ****   #ifndef __Vendor_SysTickConfig
 146:Drivers/CMSIS/Include/core_cm0.h ****     #define __Vendor_SysTickConfig    0U
 147:Drivers/CMSIS/Include/core_cm0.h ****     #warning "__Vendor_SysTickConfig not defined in device header file; using default!"
 148:Drivers/CMSIS/Include/core_cm0.h ****   #endif
 149:Drivers/CMSIS/Include/core_cm0.h **** #endif
 150:Drivers/CMSIS/Include/core_cm0.h **** 
 151:Drivers/CMSIS/Include/core_cm0.h **** /* IO definitions (access restrictions to peripheral registers) */
 152:Drivers/CMSIS/Include/core_cm0.h **** /**
 153:Drivers/CMSIS/Include/core_cm0.h ****     \defgroup CMSIS_glob_defs CMSIS Global Defines
 154:Drivers/CMSIS/Include/core_cm0.h **** 
 155:Drivers/CMSIS/Include/core_cm0.h ****     <strong>IO Type Qualifiers</strong> are used
 156:Drivers/CMSIS/Include/core_cm0.h ****     \li to specify the access to peripheral variables.
 157:Drivers/CMSIS/Include/core_cm0.h ****     \li for automatic generation of peripheral register debug information.
 158:Drivers/CMSIS/Include/core_cm0.h **** */
 159:Drivers/CMSIS/Include/core_cm0.h **** #ifdef __cplusplus
 160:Drivers/CMSIS/Include/core_cm0.h ****   #define   __I     volatile             /*!< Defines 'read only' permissions */
 161:Drivers/CMSIS/Include/core_cm0.h **** #else
 162:Drivers/CMSIS/Include/core_cm0.h ****   #define   __I     volatile const       /*!< Defines 'read only' permissions */
 163:Drivers/CMSIS/Include/core_cm0.h **** #endif
 164:Drivers/CMSIS/Include/core_cm0.h **** #define     __O     volatile             /*!< Defines 'write only' permissions */
 165:Drivers/CMSIS/Include/core_cm0.h **** #define     __IO    volatile             /*!< Defines 'read / write' permissions */
 166:Drivers/CMSIS/Include/core_cm0.h **** 
 167:Drivers/CMSIS/Include/core_cm0.h **** /* following defines should be used for structure members */
 168:Drivers/CMSIS/Include/core_cm0.h **** #define     __IM     volatile const      /*! Defines 'read only' structure member permissions */
 169:Drivers/CMSIS/Include/core_cm0.h **** #define     __OM     volatile            /*! Defines 'write only' structure member permissions */
 170:Drivers/CMSIS/Include/core_cm0.h **** #define     __IOM    volatile            /*! Defines 'read / write' structure member permissions */
 171:Drivers/CMSIS/Include/core_cm0.h **** 
 172:Drivers/CMSIS/Include/core_cm0.h **** /*@} end of group Cortex_M0 */
 173:Drivers/CMSIS/Include/core_cm0.h **** 
 174:Drivers/CMSIS/Include/core_cm0.h **** 
 175:Drivers/CMSIS/Include/core_cm0.h **** 
 176:Drivers/CMSIS/Include/core_cm0.h **** /*******************************************************************************
ARM GAS  /var/folders/p5/kmhjbybn0dlg720ptw11fhww0000gn/T//ccONZTIy.s 			page 13


 177:Drivers/CMSIS/Include/core_cm0.h ****  *                 Register Abstraction
 178:Drivers/CMSIS/Include/core_cm0.h ****   Core Register contain:
 179:Drivers/CMSIS/Include/core_cm0.h ****   - Core Register
 180:Drivers/CMSIS/Include/core_cm0.h ****   - Core NVIC Register
 181:Drivers/CMSIS/Include/core_cm0.h ****   - Core SCB Register
 182:Drivers/CMSIS/Include/core_cm0.h ****   - Core SysTick Register
 183:Drivers/CMSIS/Include/core_cm0.h ****  ******************************************************************************/
 184:Drivers/CMSIS/Include/core_cm0.h **** /**
 185:Drivers/CMSIS/Include/core_cm0.h ****   \defgroup CMSIS_core_register Defines and Type Definitions
 186:Drivers/CMSIS/Include/core_cm0.h ****   \brief Type definitions and defines for Cortex-M processor based devices.
 187:Drivers/CMSIS/Include/core_cm0.h **** */
 188:Drivers/CMSIS/Include/core_cm0.h **** 
 189:Drivers/CMSIS/Include/core_cm0.h **** /**
 190:Drivers/CMSIS/Include/core_cm0.h ****   \ingroup    CMSIS_core_register
 191:Drivers/CMSIS/Include/core_cm0.h ****   \defgroup   CMSIS_CORE  Status and Control Registers
 192:Drivers/CMSIS/Include/core_cm0.h ****   \brief      Core Register type definitions.
 193:Drivers/CMSIS/Include/core_cm0.h ****   @{
 194:Drivers/CMSIS/Include/core_cm0.h ****  */
 195:Drivers/CMSIS/Include/core_cm0.h **** 
 196:Drivers/CMSIS/Include/core_cm0.h **** /**
 197:Drivers/CMSIS/Include/core_cm0.h ****   \brief  Union type to access the Application Program Status Register (APSR).
 198:Drivers/CMSIS/Include/core_cm0.h ****  */
 199:Drivers/CMSIS/Include/core_cm0.h **** typedef union
 200:Drivers/CMSIS/Include/core_cm0.h **** {
 201:Drivers/CMSIS/Include/core_cm0.h ****   struct
 202:Drivers/CMSIS/Include/core_cm0.h ****   {
 203:Drivers/CMSIS/Include/core_cm0.h ****     uint32_t _reserved0:28;              /*!< bit:  0..27  Reserved */
 204:Drivers/CMSIS/Include/core_cm0.h ****     uint32_t V:1;                        /*!< bit:     28  Overflow condition code flag */
 205:Drivers/CMSIS/Include/core_cm0.h ****     uint32_t C:1;                        /*!< bit:     29  Carry condition code flag */
 206:Drivers/CMSIS/Include/core_cm0.h ****     uint32_t Z:1;                        /*!< bit:     30  Zero condition code flag */
 207:Drivers/CMSIS/Include/core_cm0.h ****     uint32_t N:1;                        /*!< bit:     31  Negative condition code flag */
 208:Drivers/CMSIS/Include/core_cm0.h ****   } b;                                   /*!< Structure used for bit  access */
 209:Drivers/CMSIS/Include/core_cm0.h ****   uint32_t w;                            /*!< Type      used for word access */
 210:Drivers/CMSIS/Include/core_cm0.h **** } APSR_Type;
 211:Drivers/CMSIS/Include/core_cm0.h **** 
 212:Drivers/CMSIS/Include/core_cm0.h **** /* APSR Register Definitions */
 213:Drivers/CMSIS/Include/core_cm0.h **** #define APSR_N_Pos                         31U                                            /*!< APSR
 214:Drivers/CMSIS/Include/core_cm0.h **** #define APSR_N_Msk                         (1UL << APSR_N_Pos)                            /*!< APSR
 215:Drivers/CMSIS/Include/core_cm0.h **** 
 216:Drivers/CMSIS/Include/core_cm0.h **** #define APSR_Z_Pos                         30U                                            /*!< APSR
 217:Drivers/CMSIS/Include/core_cm0.h **** #define APSR_Z_Msk                         (1UL << APSR_Z_Pos)                            /*!< APSR
 218:Drivers/CMSIS/Include/core_cm0.h **** 
 219:Drivers/CMSIS/Include/core_cm0.h **** #define APSR_C_Pos                         29U                                            /*!< APSR
 220:Drivers/CMSIS/Include/core_cm0.h **** #define APSR_C_Msk                         (1UL << APSR_C_Pos)                            /*!< APSR
 221:Drivers/CMSIS/Include/core_cm0.h **** 
 222:Drivers/CMSIS/Include/core_cm0.h **** #define APSR_V_Pos                         28U                                            /*!< APSR
 223:Drivers/CMSIS/Include/core_cm0.h **** #define APSR_V_Msk                         (1UL << APSR_V_Pos)                            /*!< APSR
 224:Drivers/CMSIS/Include/core_cm0.h **** 
 225:Drivers/CMSIS/Include/core_cm0.h **** 
 226:Drivers/CMSIS/Include/core_cm0.h **** /**
 227:Drivers/CMSIS/Include/core_cm0.h ****   \brief  Union type to access the Interrupt Program Status Register (IPSR).
 228:Drivers/CMSIS/Include/core_cm0.h ****  */
 229:Drivers/CMSIS/Include/core_cm0.h **** typedef union
 230:Drivers/CMSIS/Include/core_cm0.h **** {
 231:Drivers/CMSIS/Include/core_cm0.h ****   struct
 232:Drivers/CMSIS/Include/core_cm0.h ****   {
 233:Drivers/CMSIS/Include/core_cm0.h ****     uint32_t ISR:9;                      /*!< bit:  0.. 8  Exception number */
ARM GAS  /var/folders/p5/kmhjbybn0dlg720ptw11fhww0000gn/T//ccONZTIy.s 			page 14


 234:Drivers/CMSIS/Include/core_cm0.h ****     uint32_t _reserved0:23;              /*!< bit:  9..31  Reserved */
 235:Drivers/CMSIS/Include/core_cm0.h ****   } b;                                   /*!< Structure used for bit  access */
 236:Drivers/CMSIS/Include/core_cm0.h ****   uint32_t w;                            /*!< Type      used for word access */
 237:Drivers/CMSIS/Include/core_cm0.h **** } IPSR_Type;
 238:Drivers/CMSIS/Include/core_cm0.h **** 
 239:Drivers/CMSIS/Include/core_cm0.h **** /* IPSR Register Definitions */
 240:Drivers/CMSIS/Include/core_cm0.h **** #define IPSR_ISR_Pos                        0U                                            /*!< IPSR
 241:Drivers/CMSIS/Include/core_cm0.h **** #define IPSR_ISR_Msk                       (0x1FFUL /*<< IPSR_ISR_Pos*/)                  /*!< IPSR
 242:Drivers/CMSIS/Include/core_cm0.h **** 
 243:Drivers/CMSIS/Include/core_cm0.h **** 
 244:Drivers/CMSIS/Include/core_cm0.h **** /**
 245:Drivers/CMSIS/Include/core_cm0.h ****   \brief  Union type to access the Special-Purpose Program Status Registers (xPSR).
 246:Drivers/CMSIS/Include/core_cm0.h ****  */
 247:Drivers/CMSIS/Include/core_cm0.h **** typedef union
 248:Drivers/CMSIS/Include/core_cm0.h **** {
 249:Drivers/CMSIS/Include/core_cm0.h ****   struct
 250:Drivers/CMSIS/Include/core_cm0.h ****   {
 251:Drivers/CMSIS/Include/core_cm0.h ****     uint32_t ISR:9;                      /*!< bit:  0.. 8  Exception number */
 252:Drivers/CMSIS/Include/core_cm0.h ****     uint32_t _reserved0:15;              /*!< bit:  9..23  Reserved */
 253:Drivers/CMSIS/Include/core_cm0.h ****     uint32_t T:1;                        /*!< bit:     24  Thumb bit        (read 0) */
 254:Drivers/CMSIS/Include/core_cm0.h ****     uint32_t _reserved1:3;               /*!< bit: 25..27  Reserved */
 255:Drivers/CMSIS/Include/core_cm0.h ****     uint32_t V:1;                        /*!< bit:     28  Overflow condition code flag */
 256:Drivers/CMSIS/Include/core_cm0.h ****     uint32_t C:1;                        /*!< bit:     29  Carry condition code flag */
 257:Drivers/CMSIS/Include/core_cm0.h ****     uint32_t Z:1;                        /*!< bit:     30  Zero condition code flag */
 258:Drivers/CMSIS/Include/core_cm0.h ****     uint32_t N:1;                        /*!< bit:     31  Negative condition code flag */
 259:Drivers/CMSIS/Include/core_cm0.h ****   } b;                                   /*!< Structure used for bit  access */
 260:Drivers/CMSIS/Include/core_cm0.h ****   uint32_t w;                            /*!< Type      used for word access */
 261:Drivers/CMSIS/Include/core_cm0.h **** } xPSR_Type;
 262:Drivers/CMSIS/Include/core_cm0.h **** 
 263:Drivers/CMSIS/Include/core_cm0.h **** /* xPSR Register Definitions */
 264:Drivers/CMSIS/Include/core_cm0.h **** #define xPSR_N_Pos                         31U                                            /*!< xPSR
 265:Drivers/CMSIS/Include/core_cm0.h **** #define xPSR_N_Msk                         (1UL << xPSR_N_Pos)                            /*!< xPSR
 266:Drivers/CMSIS/Include/core_cm0.h **** 
 267:Drivers/CMSIS/Include/core_cm0.h **** #define xPSR_Z_Pos                         30U                                            /*!< xPSR
 268:Drivers/CMSIS/Include/core_cm0.h **** #define xPSR_Z_Msk                         (1UL << xPSR_Z_Pos)                            /*!< xPSR
 269:Drivers/CMSIS/Include/core_cm0.h **** 
 270:Drivers/CMSIS/Include/core_cm0.h **** #define xPSR_C_Pos                         29U                                            /*!< xPSR
 271:Drivers/CMSIS/Include/core_cm0.h **** #define xPSR_C_Msk                         (1UL << xPSR_C_Pos)                            /*!< xPSR
 272:Drivers/CMSIS/Include/core_cm0.h **** 
 273:Drivers/CMSIS/Include/core_cm0.h **** #define xPSR_V_Pos                         28U                                            /*!< xPSR
 274:Drivers/CMSIS/Include/core_cm0.h **** #define xPSR_V_Msk                         (1UL << xPSR_V_Pos)                            /*!< xPSR
 275:Drivers/CMSIS/Include/core_cm0.h **** 
 276:Drivers/CMSIS/Include/core_cm0.h **** #define xPSR_T_Pos                         24U                                            /*!< xPSR
 277:Drivers/CMSIS/Include/core_cm0.h **** #define xPSR_T_Msk                         (1UL << xPSR_T_Pos)                            /*!< xPSR
 278:Drivers/CMSIS/Include/core_cm0.h **** 
 279:Drivers/CMSIS/Include/core_cm0.h **** #define xPSR_ISR_Pos                        0U                                            /*!< xPSR
 280:Drivers/CMSIS/Include/core_cm0.h **** #define xPSR_ISR_Msk                       (0x1FFUL /*<< xPSR_ISR_Pos*/)                  /*!< xPSR
 281:Drivers/CMSIS/Include/core_cm0.h **** 
 282:Drivers/CMSIS/Include/core_cm0.h **** 
 283:Drivers/CMSIS/Include/core_cm0.h **** /**
 284:Drivers/CMSIS/Include/core_cm0.h ****   \brief  Union type to access the Control Registers (CONTROL).
 285:Drivers/CMSIS/Include/core_cm0.h ****  */
 286:Drivers/CMSIS/Include/core_cm0.h **** typedef union
 287:Drivers/CMSIS/Include/core_cm0.h **** {
 288:Drivers/CMSIS/Include/core_cm0.h ****   struct
 289:Drivers/CMSIS/Include/core_cm0.h ****   {
 290:Drivers/CMSIS/Include/core_cm0.h ****     uint32_t _reserved0:1;               /*!< bit:      0  Reserved */
ARM GAS  /var/folders/p5/kmhjbybn0dlg720ptw11fhww0000gn/T//ccONZTIy.s 			page 15


 291:Drivers/CMSIS/Include/core_cm0.h ****     uint32_t SPSEL:1;                    /*!< bit:      1  Stack to be used */
 292:Drivers/CMSIS/Include/core_cm0.h ****     uint32_t _reserved1:30;              /*!< bit:  2..31  Reserved */
 293:Drivers/CMSIS/Include/core_cm0.h ****   } b;                                   /*!< Structure used for bit  access */
 294:Drivers/CMSIS/Include/core_cm0.h ****   uint32_t w;                            /*!< Type      used for word access */
 295:Drivers/CMSIS/Include/core_cm0.h **** } CONTROL_Type;
 296:Drivers/CMSIS/Include/core_cm0.h **** 
 297:Drivers/CMSIS/Include/core_cm0.h **** /* CONTROL Register Definitions */
 298:Drivers/CMSIS/Include/core_cm0.h **** #define CONTROL_SPSEL_Pos                   1U                                            /*!< CONT
 299:Drivers/CMSIS/Include/core_cm0.h **** #define CONTROL_SPSEL_Msk                  (1UL << CONTROL_SPSEL_Pos)                     /*!< CONT
 300:Drivers/CMSIS/Include/core_cm0.h **** 
 301:Drivers/CMSIS/Include/core_cm0.h **** /*@} end of group CMSIS_CORE */
 302:Drivers/CMSIS/Include/core_cm0.h **** 
 303:Drivers/CMSIS/Include/core_cm0.h **** 
 304:Drivers/CMSIS/Include/core_cm0.h **** /**
 305:Drivers/CMSIS/Include/core_cm0.h ****   \ingroup    CMSIS_core_register
 306:Drivers/CMSIS/Include/core_cm0.h ****   \defgroup   CMSIS_NVIC  Nested Vectored Interrupt Controller (NVIC)
 307:Drivers/CMSIS/Include/core_cm0.h ****   \brief      Type definitions for the NVIC Registers
 308:Drivers/CMSIS/Include/core_cm0.h ****   @{
 309:Drivers/CMSIS/Include/core_cm0.h ****  */
 310:Drivers/CMSIS/Include/core_cm0.h **** 
 311:Drivers/CMSIS/Include/core_cm0.h **** /**
 312:Drivers/CMSIS/Include/core_cm0.h ****   \brief  Structure type to access the Nested Vectored Interrupt Controller (NVIC).
 313:Drivers/CMSIS/Include/core_cm0.h ****  */
 314:Drivers/CMSIS/Include/core_cm0.h **** typedef struct
 315:Drivers/CMSIS/Include/core_cm0.h **** {
 316:Drivers/CMSIS/Include/core_cm0.h ****   __IOM uint32_t ISER[1U];               /*!< Offset: 0x000 (R/W)  Interrupt Set Enable Register */
 317:Drivers/CMSIS/Include/core_cm0.h ****         uint32_t RESERVED0[31U];
 318:Drivers/CMSIS/Include/core_cm0.h ****   __IOM uint32_t ICER[1U];               /*!< Offset: 0x080 (R/W)  Interrupt Clear Enable Register 
 319:Drivers/CMSIS/Include/core_cm0.h ****         uint32_t RSERVED1[31U];
 320:Drivers/CMSIS/Include/core_cm0.h ****   __IOM uint32_t ISPR[1U];               /*!< Offset: 0x100 (R/W)  Interrupt Set Pending Register *
 321:Drivers/CMSIS/Include/core_cm0.h ****         uint32_t RESERVED2[31U];
 322:Drivers/CMSIS/Include/core_cm0.h ****   __IOM uint32_t ICPR[1U];               /*!< Offset: 0x180 (R/W)  Interrupt Clear Pending Register
 323:Drivers/CMSIS/Include/core_cm0.h ****         uint32_t RESERVED3[31U];
 324:Drivers/CMSIS/Include/core_cm0.h ****         uint32_t RESERVED4[64U];
 325:Drivers/CMSIS/Include/core_cm0.h ****   __IOM uint32_t IP[8U];                 /*!< Offset: 0x300 (R/W)  Interrupt Priority Register */
 326:Drivers/CMSIS/Include/core_cm0.h **** }  NVIC_Type;
 327:Drivers/CMSIS/Include/core_cm0.h **** 
 328:Drivers/CMSIS/Include/core_cm0.h **** /*@} end of group CMSIS_NVIC */
 329:Drivers/CMSIS/Include/core_cm0.h **** 
 330:Drivers/CMSIS/Include/core_cm0.h **** 
 331:Drivers/CMSIS/Include/core_cm0.h **** /**
 332:Drivers/CMSIS/Include/core_cm0.h ****   \ingroup  CMSIS_core_register
 333:Drivers/CMSIS/Include/core_cm0.h ****   \defgroup CMSIS_SCB     System Control Block (SCB)
 334:Drivers/CMSIS/Include/core_cm0.h ****   \brief    Type definitions for the System Control Block Registers
 335:Drivers/CMSIS/Include/core_cm0.h ****   @{
 336:Drivers/CMSIS/Include/core_cm0.h ****  */
 337:Drivers/CMSIS/Include/core_cm0.h **** 
 338:Drivers/CMSIS/Include/core_cm0.h **** /**
 339:Drivers/CMSIS/Include/core_cm0.h ****   \brief  Structure type to access the System Control Block (SCB).
 340:Drivers/CMSIS/Include/core_cm0.h ****  */
 341:Drivers/CMSIS/Include/core_cm0.h **** typedef struct
 342:Drivers/CMSIS/Include/core_cm0.h **** {
 343:Drivers/CMSIS/Include/core_cm0.h ****   __IM  uint32_t CPUID;                  /*!< Offset: 0x000 (R/ )  CPUID Base Register */
 344:Drivers/CMSIS/Include/core_cm0.h ****   __IOM uint32_t ICSR;                   /*!< Offset: 0x004 (R/W)  Interrupt Control and State Regi
 345:Drivers/CMSIS/Include/core_cm0.h ****         uint32_t RESERVED0;
 346:Drivers/CMSIS/Include/core_cm0.h ****   __IOM uint32_t AIRCR;                  /*!< Offset: 0x00C (R/W)  Application Interrupt and Reset 
 347:Drivers/CMSIS/Include/core_cm0.h ****   __IOM uint32_t SCR;                    /*!< Offset: 0x010 (R/W)  System Control Register */
ARM GAS  /var/folders/p5/kmhjbybn0dlg720ptw11fhww0000gn/T//ccONZTIy.s 			page 16


 348:Drivers/CMSIS/Include/core_cm0.h ****   __IOM uint32_t CCR;                    /*!< Offset: 0x014 (R/W)  Configuration Control Register *
 349:Drivers/CMSIS/Include/core_cm0.h ****         uint32_t RESERVED1;
 350:Drivers/CMSIS/Include/core_cm0.h ****   __IOM uint32_t SHP[2U];                /*!< Offset: 0x01C (R/W)  System Handlers Priority Registe
 351:Drivers/CMSIS/Include/core_cm0.h ****   __IOM uint32_t SHCSR;                  /*!< Offset: 0x024 (R/W)  System Handler Control and State
 352:Drivers/CMSIS/Include/core_cm0.h **** } SCB_Type;
 353:Drivers/CMSIS/Include/core_cm0.h **** 
 354:Drivers/CMSIS/Include/core_cm0.h **** /* SCB CPUID Register Definitions */
 355:Drivers/CMSIS/Include/core_cm0.h **** #define SCB_CPUID_IMPLEMENTER_Pos          24U                                            /*!< SCB 
 356:Drivers/CMSIS/Include/core_cm0.h **** #define SCB_CPUID_IMPLEMENTER_Msk          (0xFFUL << SCB_CPUID_IMPLEMENTER_Pos)          /*!< SCB 
 357:Drivers/CMSIS/Include/core_cm0.h **** 
 358:Drivers/CMSIS/Include/core_cm0.h **** #define SCB_CPUID_VARIANT_Pos              20U                                            /*!< SCB 
 359:Drivers/CMSIS/Include/core_cm0.h **** #define SCB_CPUID_VARIANT_Msk              (0xFUL << SCB_CPUID_VARIANT_Pos)               /*!< SCB 
 360:Drivers/CMSIS/Include/core_cm0.h **** 
 361:Drivers/CMSIS/Include/core_cm0.h **** #define SCB_CPUID_ARCHITECTURE_Pos         16U                                            /*!< SCB 
 362:Drivers/CMSIS/Include/core_cm0.h **** #define SCB_CPUID_ARCHITECTURE_Msk         (0xFUL << SCB_CPUID_ARCHITECTURE_Pos)          /*!< SCB 
 363:Drivers/CMSIS/Include/core_cm0.h **** 
 364:Drivers/CMSIS/Include/core_cm0.h **** #define SCB_CPUID_PARTNO_Pos                4U                                            /*!< SCB 
 365:Drivers/CMSIS/Include/core_cm0.h **** #define SCB_CPUID_PARTNO_Msk               (0xFFFUL << SCB_CPUID_PARTNO_Pos)              /*!< SCB 
 366:Drivers/CMSIS/Include/core_cm0.h **** 
 367:Drivers/CMSIS/Include/core_cm0.h **** #define SCB_CPUID_REVISION_Pos              0U                                            /*!< SCB 
 368:Drivers/CMSIS/Include/core_cm0.h **** #define SCB_CPUID_REVISION_Msk             (0xFUL /*<< SCB_CPUID_REVISION_Pos*/)          /*!< SCB 
 369:Drivers/CMSIS/Include/core_cm0.h **** 
 370:Drivers/CMSIS/Include/core_cm0.h **** /* SCB Interrupt Control State Register Definitions */
 371:Drivers/CMSIS/Include/core_cm0.h **** #define SCB_ICSR_NMIPENDSET_Pos            31U                                            /*!< SCB 
 372:Drivers/CMSIS/Include/core_cm0.h **** #define SCB_ICSR_NMIPENDSET_Msk            (1UL << SCB_ICSR_NMIPENDSET_Pos)               /*!< SCB 
 373:Drivers/CMSIS/Include/core_cm0.h **** 
 374:Drivers/CMSIS/Include/core_cm0.h **** #define SCB_ICSR_PENDSVSET_Pos             28U                                            /*!< SCB 
 375:Drivers/CMSIS/Include/core_cm0.h **** #define SCB_ICSR_PENDSVSET_Msk             (1UL << SCB_ICSR_PENDSVSET_Pos)                /*!< SCB 
 376:Drivers/CMSIS/Include/core_cm0.h **** 
 377:Drivers/CMSIS/Include/core_cm0.h **** #define SCB_ICSR_PENDSVCLR_Pos             27U                                            /*!< SCB 
 378:Drivers/CMSIS/Include/core_cm0.h **** #define SCB_ICSR_PENDSVCLR_Msk             (1UL << SCB_ICSR_PENDSVCLR_Pos)                /*!< SCB 
 379:Drivers/CMSIS/Include/core_cm0.h **** 
 380:Drivers/CMSIS/Include/core_cm0.h **** #define SCB_ICSR_PENDSTSET_Pos             26U                                            /*!< SCB 
 381:Drivers/CMSIS/Include/core_cm0.h **** #define SCB_ICSR_PENDSTSET_Msk             (1UL << SCB_ICSR_PENDSTSET_Pos)                /*!< SCB 
 382:Drivers/CMSIS/Include/core_cm0.h **** 
 383:Drivers/CMSIS/Include/core_cm0.h **** #define SCB_ICSR_PENDSTCLR_Pos             25U                                            /*!< SCB 
 384:Drivers/CMSIS/Include/core_cm0.h **** #define SCB_ICSR_PENDSTCLR_Msk             (1UL << SCB_ICSR_PENDSTCLR_Pos)                /*!< SCB 
 385:Drivers/CMSIS/Include/core_cm0.h **** 
 386:Drivers/CMSIS/Include/core_cm0.h **** #define SCB_ICSR_ISRPREEMPT_Pos            23U                                            /*!< SCB 
 387:Drivers/CMSIS/Include/core_cm0.h **** #define SCB_ICSR_ISRPREEMPT_Msk            (1UL << SCB_ICSR_ISRPREEMPT_Pos)               /*!< SCB 
 388:Drivers/CMSIS/Include/core_cm0.h **** 
 389:Drivers/CMSIS/Include/core_cm0.h **** #define SCB_ICSR_ISRPENDING_Pos            22U                                            /*!< SCB 
 390:Drivers/CMSIS/Include/core_cm0.h **** #define SCB_ICSR_ISRPENDING_Msk            (1UL << SCB_ICSR_ISRPENDING_Pos)               /*!< SCB 
 391:Drivers/CMSIS/Include/core_cm0.h **** 
 392:Drivers/CMSIS/Include/core_cm0.h **** #define SCB_ICSR_VECTPENDING_Pos           12U                                            /*!< SCB 
 393:Drivers/CMSIS/Include/core_cm0.h **** #define SCB_ICSR_VECTPENDING_Msk           (0x1FFUL << SCB_ICSR_VECTPENDING_Pos)          /*!< SCB 
 394:Drivers/CMSIS/Include/core_cm0.h **** 
 395:Drivers/CMSIS/Include/core_cm0.h **** #define SCB_ICSR_VECTACTIVE_Pos             0U                                            /*!< SCB 
 396:Drivers/CMSIS/Include/core_cm0.h **** #define SCB_ICSR_VECTACTIVE_Msk            (0x1FFUL /*<< SCB_ICSR_VECTACTIVE_Pos*/)       /*!< SCB 
 397:Drivers/CMSIS/Include/core_cm0.h **** 
 398:Drivers/CMSIS/Include/core_cm0.h **** /* SCB Application Interrupt and Reset Control Register Definitions */
 399:Drivers/CMSIS/Include/core_cm0.h **** #define SCB_AIRCR_VECTKEY_Pos              16U                                            /*!< SCB 
 400:Drivers/CMSIS/Include/core_cm0.h **** #define SCB_AIRCR_VECTKEY_Msk              (0xFFFFUL << SCB_AIRCR_VECTKEY_Pos)            /*!< SCB 
 401:Drivers/CMSIS/Include/core_cm0.h **** 
 402:Drivers/CMSIS/Include/core_cm0.h **** #define SCB_AIRCR_VECTKEYSTAT_Pos          16U                                            /*!< SCB 
 403:Drivers/CMSIS/Include/core_cm0.h **** #define SCB_AIRCR_VECTKEYSTAT_Msk          (0xFFFFUL << SCB_AIRCR_VECTKEYSTAT_Pos)        /*!< SCB 
 404:Drivers/CMSIS/Include/core_cm0.h **** 
ARM GAS  /var/folders/p5/kmhjbybn0dlg720ptw11fhww0000gn/T//ccONZTIy.s 			page 17


 405:Drivers/CMSIS/Include/core_cm0.h **** #define SCB_AIRCR_ENDIANESS_Pos            15U                                            /*!< SCB 
 406:Drivers/CMSIS/Include/core_cm0.h **** #define SCB_AIRCR_ENDIANESS_Msk            (1UL << SCB_AIRCR_ENDIANESS_Pos)               /*!< SCB 
 407:Drivers/CMSIS/Include/core_cm0.h **** 
 408:Drivers/CMSIS/Include/core_cm0.h **** #define SCB_AIRCR_SYSRESETREQ_Pos           2U                                            /*!< SCB 
 409:Drivers/CMSIS/Include/core_cm0.h **** #define SCB_AIRCR_SYSRESETREQ_Msk          (1UL << SCB_AIRCR_SYSRESETREQ_Pos)             /*!< SCB 
 410:Drivers/CMSIS/Include/core_cm0.h **** 
 411:Drivers/CMSIS/Include/core_cm0.h **** #define SCB_AIRCR_VECTCLRACTIVE_Pos         1U                                            /*!< SCB 
 412:Drivers/CMSIS/Include/core_cm0.h **** #define SCB_AIRCR_VECTCLRACTIVE_Msk        (1UL << SCB_AIRCR_VECTCLRACTIVE_Pos)           /*!< SCB 
 413:Drivers/CMSIS/Include/core_cm0.h **** 
 414:Drivers/CMSIS/Include/core_cm0.h **** /* SCB System Control Register Definitions */
 415:Drivers/CMSIS/Include/core_cm0.h **** #define SCB_SCR_SEVONPEND_Pos               4U                                            /*!< SCB 
 416:Drivers/CMSIS/Include/core_cm0.h **** #define SCB_SCR_SEVONPEND_Msk              (1UL << SCB_SCR_SEVONPEND_Pos)                 /*!< SCB 
 417:Drivers/CMSIS/Include/core_cm0.h **** 
 418:Drivers/CMSIS/Include/core_cm0.h **** #define SCB_SCR_SLEEPDEEP_Pos               2U                                            /*!< SCB 
 419:Drivers/CMSIS/Include/core_cm0.h **** #define SCB_SCR_SLEEPDEEP_Msk              (1UL << SCB_SCR_SLEEPDEEP_Pos)                 /*!< SCB 
 420:Drivers/CMSIS/Include/core_cm0.h **** 
 421:Drivers/CMSIS/Include/core_cm0.h **** #define SCB_SCR_SLEEPONEXIT_Pos             1U                                            /*!< SCB 
 422:Drivers/CMSIS/Include/core_cm0.h **** #define SCB_SCR_SLEEPONEXIT_Msk            (1UL << SCB_SCR_SLEEPONEXIT_Pos)               /*!< SCB 
 423:Drivers/CMSIS/Include/core_cm0.h **** 
 424:Drivers/CMSIS/Include/core_cm0.h **** /* SCB Configuration Control Register Definitions */
 425:Drivers/CMSIS/Include/core_cm0.h **** #define SCB_CCR_STKALIGN_Pos                9U                                            /*!< SCB 
 426:Drivers/CMSIS/Include/core_cm0.h **** #define SCB_CCR_STKALIGN_Msk               (1UL << SCB_CCR_STKALIGN_Pos)                  /*!< SCB 
 427:Drivers/CMSIS/Include/core_cm0.h **** 
 428:Drivers/CMSIS/Include/core_cm0.h **** #define SCB_CCR_UNALIGN_TRP_Pos             3U                                            /*!< SCB 
 429:Drivers/CMSIS/Include/core_cm0.h **** #define SCB_CCR_UNALIGN_TRP_Msk            (1UL << SCB_CCR_UNALIGN_TRP_Pos)               /*!< SCB 
 430:Drivers/CMSIS/Include/core_cm0.h **** 
 431:Drivers/CMSIS/Include/core_cm0.h **** /* SCB System Handler Control and State Register Definitions */
 432:Drivers/CMSIS/Include/core_cm0.h **** #define SCB_SHCSR_SVCALLPENDED_Pos         15U                                            /*!< SCB 
 433:Drivers/CMSIS/Include/core_cm0.h **** #define SCB_SHCSR_SVCALLPENDED_Msk         (1UL << SCB_SHCSR_SVCALLPENDED_Pos)            /*!< SCB 
 434:Drivers/CMSIS/Include/core_cm0.h **** 
 435:Drivers/CMSIS/Include/core_cm0.h **** /*@} end of group CMSIS_SCB */
 436:Drivers/CMSIS/Include/core_cm0.h **** 
 437:Drivers/CMSIS/Include/core_cm0.h **** 
 438:Drivers/CMSIS/Include/core_cm0.h **** /**
 439:Drivers/CMSIS/Include/core_cm0.h ****   \ingroup  CMSIS_core_register
 440:Drivers/CMSIS/Include/core_cm0.h ****   \defgroup CMSIS_SysTick     System Tick Timer (SysTick)
 441:Drivers/CMSIS/Include/core_cm0.h ****   \brief    Type definitions for the System Timer Registers.
 442:Drivers/CMSIS/Include/core_cm0.h ****   @{
 443:Drivers/CMSIS/Include/core_cm0.h ****  */
 444:Drivers/CMSIS/Include/core_cm0.h **** 
 445:Drivers/CMSIS/Include/core_cm0.h **** /**
 446:Drivers/CMSIS/Include/core_cm0.h ****   \brief  Structure type to access the System Timer (SysTick).
 447:Drivers/CMSIS/Include/core_cm0.h ****  */
 448:Drivers/CMSIS/Include/core_cm0.h **** typedef struct
 449:Drivers/CMSIS/Include/core_cm0.h **** {
 450:Drivers/CMSIS/Include/core_cm0.h ****   __IOM uint32_t CTRL;                   /*!< Offset: 0x000 (R/W)  SysTick Control and Status Regis
 451:Drivers/CMSIS/Include/core_cm0.h ****   __IOM uint32_t LOAD;                   /*!< Offset: 0x004 (R/W)  SysTick Reload Value Register */
 452:Drivers/CMSIS/Include/core_cm0.h ****   __IOM uint32_t VAL;                    /*!< Offset: 0x008 (R/W)  SysTick Current Value Register *
 453:Drivers/CMSIS/Include/core_cm0.h ****   __IM  uint32_t CALIB;                  /*!< Offset: 0x00C (R/ )  SysTick Calibration Register */
 454:Drivers/CMSIS/Include/core_cm0.h **** } SysTick_Type;
 455:Drivers/CMSIS/Include/core_cm0.h **** 
 456:Drivers/CMSIS/Include/core_cm0.h **** /* SysTick Control / Status Register Definitions */
 457:Drivers/CMSIS/Include/core_cm0.h **** #define SysTick_CTRL_COUNTFLAG_Pos         16U                                            /*!< SysT
 458:Drivers/CMSIS/Include/core_cm0.h **** #define SysTick_CTRL_COUNTFLAG_Msk         (1UL << SysTick_CTRL_COUNTFLAG_Pos)            /*!< SysT
 459:Drivers/CMSIS/Include/core_cm0.h **** 
 460:Drivers/CMSIS/Include/core_cm0.h **** #define SysTick_CTRL_CLKSOURCE_Pos          2U                                            /*!< SysT
 461:Drivers/CMSIS/Include/core_cm0.h **** #define SysTick_CTRL_CLKSOURCE_Msk         (1UL << SysTick_CTRL_CLKSOURCE_Pos)            /*!< SysT
ARM GAS  /var/folders/p5/kmhjbybn0dlg720ptw11fhww0000gn/T//ccONZTIy.s 			page 18


 462:Drivers/CMSIS/Include/core_cm0.h **** 
 463:Drivers/CMSIS/Include/core_cm0.h **** #define SysTick_CTRL_TICKINT_Pos            1U                                            /*!< SysT
 464:Drivers/CMSIS/Include/core_cm0.h **** #define SysTick_CTRL_TICKINT_Msk           (1UL << SysTick_CTRL_TICKINT_Pos)              /*!< SysT
 465:Drivers/CMSIS/Include/core_cm0.h **** 
 466:Drivers/CMSIS/Include/core_cm0.h **** #define SysTick_CTRL_ENABLE_Pos             0U                                            /*!< SysT
 467:Drivers/CMSIS/Include/core_cm0.h **** #define SysTick_CTRL_ENABLE_Msk            (1UL /*<< SysTick_CTRL_ENABLE_Pos*/)           /*!< SysT
 468:Drivers/CMSIS/Include/core_cm0.h **** 
 469:Drivers/CMSIS/Include/core_cm0.h **** /* SysTick Reload Register Definitions */
 470:Drivers/CMSIS/Include/core_cm0.h **** #define SysTick_LOAD_RELOAD_Pos             0U                                            /*!< SysT
 471:Drivers/CMSIS/Include/core_cm0.h **** #define SysTick_LOAD_RELOAD_Msk            (0xFFFFFFUL /*<< SysTick_LOAD_RELOAD_Pos*/)    /*!< SysT
 472:Drivers/CMSIS/Include/core_cm0.h **** 
 473:Drivers/CMSIS/Include/core_cm0.h **** /* SysTick Current Register Definitions */
 474:Drivers/CMSIS/Include/core_cm0.h **** #define SysTick_VAL_CURRENT_Pos             0U                                            /*!< SysT
 475:Drivers/CMSIS/Include/core_cm0.h **** #define SysTick_VAL_CURRENT_Msk            (0xFFFFFFUL /*<< SysTick_VAL_CURRENT_Pos*/)    /*!< SysT
 476:Drivers/CMSIS/Include/core_cm0.h **** 
 477:Drivers/CMSIS/Include/core_cm0.h **** /* SysTick Calibration Register Definitions */
 478:Drivers/CMSIS/Include/core_cm0.h **** #define SysTick_CALIB_NOREF_Pos            31U                                            /*!< SysT
 479:Drivers/CMSIS/Include/core_cm0.h **** #define SysTick_CALIB_NOREF_Msk            (1UL << SysTick_CALIB_NOREF_Pos)               /*!< SysT
 480:Drivers/CMSIS/Include/core_cm0.h **** 
 481:Drivers/CMSIS/Include/core_cm0.h **** #define SysTick_CALIB_SKEW_Pos             30U                                            /*!< SysT
 482:Drivers/CMSIS/Include/core_cm0.h **** #define SysTick_CALIB_SKEW_Msk             (1UL << SysTick_CALIB_SKEW_Pos)                /*!< SysT
 483:Drivers/CMSIS/Include/core_cm0.h **** 
 484:Drivers/CMSIS/Include/core_cm0.h **** #define SysTick_CALIB_TENMS_Pos             0U                                            /*!< SysT
 485:Drivers/CMSIS/Include/core_cm0.h **** #define SysTick_CALIB_TENMS_Msk            (0xFFFFFFUL /*<< SysTick_CALIB_TENMS_Pos*/)    /*!< SysT
 486:Drivers/CMSIS/Include/core_cm0.h **** 
 487:Drivers/CMSIS/Include/core_cm0.h **** /*@} end of group CMSIS_SysTick */
 488:Drivers/CMSIS/Include/core_cm0.h **** 
 489:Drivers/CMSIS/Include/core_cm0.h **** 
 490:Drivers/CMSIS/Include/core_cm0.h **** /**
 491:Drivers/CMSIS/Include/core_cm0.h ****   \ingroup  CMSIS_core_register
 492:Drivers/CMSIS/Include/core_cm0.h ****   \defgroup CMSIS_CoreDebug       Core Debug Registers (CoreDebug)
 493:Drivers/CMSIS/Include/core_cm0.h ****   \brief    Cortex-M0 Core Debug Registers (DCB registers, SHCSR, and DFSR) are only accessible ove
 494:Drivers/CMSIS/Include/core_cm0.h ****             Therefore they are not covered by the Cortex-M0 header file.
 495:Drivers/CMSIS/Include/core_cm0.h ****   @{
 496:Drivers/CMSIS/Include/core_cm0.h ****  */
 497:Drivers/CMSIS/Include/core_cm0.h **** /*@} end of group CMSIS_CoreDebug */
 498:Drivers/CMSIS/Include/core_cm0.h **** 
 499:Drivers/CMSIS/Include/core_cm0.h **** 
 500:Drivers/CMSIS/Include/core_cm0.h **** /**
 501:Drivers/CMSIS/Include/core_cm0.h ****   \ingroup    CMSIS_core_register
 502:Drivers/CMSIS/Include/core_cm0.h ****   \defgroup   CMSIS_core_bitfield     Core register bit field macros
 503:Drivers/CMSIS/Include/core_cm0.h ****   \brief      Macros for use with bit field definitions (xxx_Pos, xxx_Msk).
 504:Drivers/CMSIS/Include/core_cm0.h ****   @{
 505:Drivers/CMSIS/Include/core_cm0.h ****  */
 506:Drivers/CMSIS/Include/core_cm0.h **** 
 507:Drivers/CMSIS/Include/core_cm0.h **** /**
 508:Drivers/CMSIS/Include/core_cm0.h ****   \brief   Mask and shift a bit field value for use in a register bit range.
 509:Drivers/CMSIS/Include/core_cm0.h ****   \param[in] field  Name of the register bit field.
 510:Drivers/CMSIS/Include/core_cm0.h ****   \param[in] value  Value of the bit field. This parameter is interpreted as an uint32_t type.
 511:Drivers/CMSIS/Include/core_cm0.h ****   \return           Masked and shifted value.
 512:Drivers/CMSIS/Include/core_cm0.h **** */
 513:Drivers/CMSIS/Include/core_cm0.h **** #define _VAL2FLD(field, value)    (((uint32_t)(value) << field ## _Pos) & field ## _Msk)
 514:Drivers/CMSIS/Include/core_cm0.h **** 
 515:Drivers/CMSIS/Include/core_cm0.h **** /**
 516:Drivers/CMSIS/Include/core_cm0.h ****   \brief     Mask and shift a register value to extract a bit filed value.
 517:Drivers/CMSIS/Include/core_cm0.h ****   \param[in] field  Name of the register bit field.
 518:Drivers/CMSIS/Include/core_cm0.h ****   \param[in] value  Value of register. This parameter is interpreted as an uint32_t type.
ARM GAS  /var/folders/p5/kmhjbybn0dlg720ptw11fhww0000gn/T//ccONZTIy.s 			page 19


 519:Drivers/CMSIS/Include/core_cm0.h ****   \return           Masked and shifted bit field value.
 520:Drivers/CMSIS/Include/core_cm0.h **** */
 521:Drivers/CMSIS/Include/core_cm0.h **** #define _FLD2VAL(field, value)    (((uint32_t)(value) & field ## _Msk) >> field ## _Pos)
 522:Drivers/CMSIS/Include/core_cm0.h **** 
 523:Drivers/CMSIS/Include/core_cm0.h **** /*@} end of group CMSIS_core_bitfield */
 524:Drivers/CMSIS/Include/core_cm0.h **** 
 525:Drivers/CMSIS/Include/core_cm0.h **** 
 526:Drivers/CMSIS/Include/core_cm0.h **** /**
 527:Drivers/CMSIS/Include/core_cm0.h ****   \ingroup    CMSIS_core_register
 528:Drivers/CMSIS/Include/core_cm0.h ****   \defgroup   CMSIS_core_base     Core Definitions
 529:Drivers/CMSIS/Include/core_cm0.h ****   \brief      Definitions for base addresses, unions, and structures.
 530:Drivers/CMSIS/Include/core_cm0.h ****   @{
 531:Drivers/CMSIS/Include/core_cm0.h ****  */
 532:Drivers/CMSIS/Include/core_cm0.h **** 
 533:Drivers/CMSIS/Include/core_cm0.h **** /* Memory mapping of Core Hardware */
 534:Drivers/CMSIS/Include/core_cm0.h **** #define SCS_BASE            (0xE000E000UL)                            /*!< System Control Space Bas
 535:Drivers/CMSIS/Include/core_cm0.h **** #define SysTick_BASE        (SCS_BASE +  0x0010UL)                    /*!< SysTick Base Address */
 536:Drivers/CMSIS/Include/core_cm0.h **** #define NVIC_BASE           (SCS_BASE +  0x0100UL)                    /*!< NVIC Base Address */
 537:Drivers/CMSIS/Include/core_cm0.h **** #define SCB_BASE            (SCS_BASE +  0x0D00UL)                    /*!< System Control Block Bas
 538:Drivers/CMSIS/Include/core_cm0.h **** 
 539:Drivers/CMSIS/Include/core_cm0.h **** #define SCB                 ((SCB_Type       *)     SCB_BASE      )   /*!< SCB configuration struct
 540:Drivers/CMSIS/Include/core_cm0.h **** #define SysTick             ((SysTick_Type   *)     SysTick_BASE  )   /*!< SysTick configuration st
 541:Drivers/CMSIS/Include/core_cm0.h **** #define NVIC                ((NVIC_Type      *)     NVIC_BASE     )   /*!< NVIC configuration struc
 542:Drivers/CMSIS/Include/core_cm0.h **** 
 543:Drivers/CMSIS/Include/core_cm0.h **** 
 544:Drivers/CMSIS/Include/core_cm0.h **** /*@} */
 545:Drivers/CMSIS/Include/core_cm0.h **** 
 546:Drivers/CMSIS/Include/core_cm0.h **** 
 547:Drivers/CMSIS/Include/core_cm0.h **** 
 548:Drivers/CMSIS/Include/core_cm0.h **** /*******************************************************************************
 549:Drivers/CMSIS/Include/core_cm0.h ****  *                Hardware Abstraction Layer
 550:Drivers/CMSIS/Include/core_cm0.h ****   Core Function Interface contains:
 551:Drivers/CMSIS/Include/core_cm0.h ****   - Core NVIC Functions
 552:Drivers/CMSIS/Include/core_cm0.h ****   - Core SysTick Functions
 553:Drivers/CMSIS/Include/core_cm0.h ****   - Core Register Access Functions
 554:Drivers/CMSIS/Include/core_cm0.h ****  ******************************************************************************/
 555:Drivers/CMSIS/Include/core_cm0.h **** /**
 556:Drivers/CMSIS/Include/core_cm0.h ****   \defgroup CMSIS_Core_FunctionInterface Functions and Instructions Reference
 557:Drivers/CMSIS/Include/core_cm0.h **** */
 558:Drivers/CMSIS/Include/core_cm0.h **** 
 559:Drivers/CMSIS/Include/core_cm0.h **** 
 560:Drivers/CMSIS/Include/core_cm0.h **** 
 561:Drivers/CMSIS/Include/core_cm0.h **** /* ##########################   NVIC functions  #################################### */
 562:Drivers/CMSIS/Include/core_cm0.h **** /**
 563:Drivers/CMSIS/Include/core_cm0.h ****   \ingroup  CMSIS_Core_FunctionInterface
 564:Drivers/CMSIS/Include/core_cm0.h ****   \defgroup CMSIS_Core_NVICFunctions NVIC Functions
 565:Drivers/CMSIS/Include/core_cm0.h ****   \brief    Functions that manage interrupts and exceptions via the NVIC.
 566:Drivers/CMSIS/Include/core_cm0.h ****   @{
 567:Drivers/CMSIS/Include/core_cm0.h ****  */
 568:Drivers/CMSIS/Include/core_cm0.h **** 
 569:Drivers/CMSIS/Include/core_cm0.h **** #ifdef CMSIS_NVIC_VIRTUAL
 570:Drivers/CMSIS/Include/core_cm0.h ****   #ifndef CMSIS_NVIC_VIRTUAL_HEADER_FILE
 571:Drivers/CMSIS/Include/core_cm0.h ****     #define CMSIS_NVIC_VIRTUAL_HEADER_FILE "cmsis_nvic_virtual.h"
 572:Drivers/CMSIS/Include/core_cm0.h ****   #endif
 573:Drivers/CMSIS/Include/core_cm0.h ****   #include CMSIS_NVIC_VIRTUAL_HEADER_FILE
 574:Drivers/CMSIS/Include/core_cm0.h **** #else
 575:Drivers/CMSIS/Include/core_cm0.h ****   #define NVIC_SetPriorityGrouping    __NVIC_SetPriorityGrouping
ARM GAS  /var/folders/p5/kmhjbybn0dlg720ptw11fhww0000gn/T//ccONZTIy.s 			page 20


 576:Drivers/CMSIS/Include/core_cm0.h ****   #define NVIC_GetPriorityGrouping    __NVIC_GetPriorityGrouping
 577:Drivers/CMSIS/Include/core_cm0.h ****   #define NVIC_EnableIRQ              __NVIC_EnableIRQ
 578:Drivers/CMSIS/Include/core_cm0.h ****   #define NVIC_GetEnableIRQ           __NVIC_GetEnableIRQ
 579:Drivers/CMSIS/Include/core_cm0.h ****   #define NVIC_DisableIRQ             __NVIC_DisableIRQ
 580:Drivers/CMSIS/Include/core_cm0.h ****   #define NVIC_GetPendingIRQ          __NVIC_GetPendingIRQ
 581:Drivers/CMSIS/Include/core_cm0.h ****   #define NVIC_SetPendingIRQ          __NVIC_SetPendingIRQ
 582:Drivers/CMSIS/Include/core_cm0.h ****   #define NVIC_ClearPendingIRQ        __NVIC_ClearPendingIRQ
 583:Drivers/CMSIS/Include/core_cm0.h **** /*#define NVIC_GetActive              __NVIC_GetActive             not available for Cortex-M0 */
 584:Drivers/CMSIS/Include/core_cm0.h ****   #define NVIC_SetPriority            __NVIC_SetPriority
 585:Drivers/CMSIS/Include/core_cm0.h ****   #define NVIC_GetPriority            __NVIC_GetPriority
 586:Drivers/CMSIS/Include/core_cm0.h ****   #define NVIC_SystemReset            __NVIC_SystemReset
 587:Drivers/CMSIS/Include/core_cm0.h **** #endif /* CMSIS_NVIC_VIRTUAL */
 588:Drivers/CMSIS/Include/core_cm0.h **** 
 589:Drivers/CMSIS/Include/core_cm0.h **** #ifdef CMSIS_VECTAB_VIRTUAL
 590:Drivers/CMSIS/Include/core_cm0.h ****   #ifndef CMSIS_VECTAB_VIRTUAL_HEADER_FILE
 591:Drivers/CMSIS/Include/core_cm0.h ****     #define CMSIS_VECTAB_VIRTUAL_HEADER_FILE "cmsis_vectab_virtual.h"
 592:Drivers/CMSIS/Include/core_cm0.h ****   #endif
 593:Drivers/CMSIS/Include/core_cm0.h ****   #include CMSIS_VECTAB_VIRTUAL_HEADER_FILE
 594:Drivers/CMSIS/Include/core_cm0.h **** #else
 595:Drivers/CMSIS/Include/core_cm0.h ****   #define NVIC_SetVector              __NVIC_SetVector
 596:Drivers/CMSIS/Include/core_cm0.h ****   #define NVIC_GetVector              __NVIC_GetVector
 597:Drivers/CMSIS/Include/core_cm0.h **** #endif  /* (CMSIS_VECTAB_VIRTUAL) */
 598:Drivers/CMSIS/Include/core_cm0.h **** 
 599:Drivers/CMSIS/Include/core_cm0.h **** #define NVIC_USER_IRQ_OFFSET          16
 600:Drivers/CMSIS/Include/core_cm0.h **** 
 601:Drivers/CMSIS/Include/core_cm0.h **** 
 602:Drivers/CMSIS/Include/core_cm0.h **** /* The following EXC_RETURN values are saved the LR on exception entry */
 603:Drivers/CMSIS/Include/core_cm0.h **** #define EXC_RETURN_HANDLER         (0xFFFFFFF1UL)     /* return to Handler mode, uses MSP after ret
 604:Drivers/CMSIS/Include/core_cm0.h **** #define EXC_RETURN_THREAD_MSP      (0xFFFFFFF9UL)     /* return to Thread mode, uses MSP after retu
 605:Drivers/CMSIS/Include/core_cm0.h **** #define EXC_RETURN_THREAD_PSP      (0xFFFFFFFDUL)     /* return to Thread mode, uses PSP after retu
 606:Drivers/CMSIS/Include/core_cm0.h **** 
 607:Drivers/CMSIS/Include/core_cm0.h **** 
 608:Drivers/CMSIS/Include/core_cm0.h **** /* Interrupt Priorities are WORD accessible only under Armv6-M                  */
 609:Drivers/CMSIS/Include/core_cm0.h **** /* The following MACROS handle generation of the register offset and byte masks */
 610:Drivers/CMSIS/Include/core_cm0.h **** #define _BIT_SHIFT(IRQn)         (  ((((uint32_t)(int32_t)(IRQn))         )      &  0x03UL) * 8UL)
 611:Drivers/CMSIS/Include/core_cm0.h **** #define _SHP_IDX(IRQn)           ( (((((uint32_t)(int32_t)(IRQn)) & 0x0FUL)-8UL) >>    2UL)      )
 612:Drivers/CMSIS/Include/core_cm0.h **** #define _IP_IDX(IRQn)            (   (((uint32_t)(int32_t)(IRQn))                >>    2UL)      )
 613:Drivers/CMSIS/Include/core_cm0.h **** 
 614:Drivers/CMSIS/Include/core_cm0.h **** #define __NVIC_SetPriorityGrouping(X) (void)(X)
 615:Drivers/CMSIS/Include/core_cm0.h **** #define __NVIC_GetPriorityGrouping()  (0U)
 616:Drivers/CMSIS/Include/core_cm0.h **** 
 617:Drivers/CMSIS/Include/core_cm0.h **** /**
 618:Drivers/CMSIS/Include/core_cm0.h ****   \brief   Enable Interrupt
 619:Drivers/CMSIS/Include/core_cm0.h ****   \details Enables a device specific interrupt in the NVIC interrupt controller.
 620:Drivers/CMSIS/Include/core_cm0.h ****   \param [in]      IRQn  Device specific interrupt number.
 621:Drivers/CMSIS/Include/core_cm0.h ****   \note    IRQn must not be negative.
 622:Drivers/CMSIS/Include/core_cm0.h ****  */
 623:Drivers/CMSIS/Include/core_cm0.h **** __STATIC_INLINE void __NVIC_EnableIRQ(IRQn_Type IRQn)
 270              		.loc 2 623 22 view .LVU65
 271              	.LBB5:
 624:Drivers/CMSIS/Include/core_cm0.h **** {
 625:Drivers/CMSIS/Include/core_cm0.h ****   if ((int32_t)(IRQn) >= 0)
 272              		.loc 2 625 3 view .LVU66
 626:Drivers/CMSIS/Include/core_cm0.h ****   {
 627:Drivers/CMSIS/Include/core_cm0.h ****     NVIC->ISER[0U] = (uint32_t)(1UL << (((uint32_t)IRQn) & 0x1FUL));
 273              		.loc 2 627 5 view .LVU67
 274              		.loc 2 627 20 is_stmt 0 view .LVU68
ARM GAS  /var/folders/p5/kmhjbybn0dlg720ptw11fhww0000gn/T//ccONZTIy.s 			page 21


 275 0036 2E4A     		ldr	r2, .L14+8
 276 0038 8020     		movs	r0, #128
 277 003a 0002     		lsls	r0, r0, #8
 278 003c 1060     		str	r0, [r2]
 279              	.LVL13:
 280              		.loc 2 627 20 view .LVU69
 281              	.LBE5:
 282              	.LBE4:
  95:Src/main.c    ****   TIM3->PSC = 79;
 283              		.loc 1 95 3 is_stmt 1 view .LVU70
  95:Src/main.c    ****   TIM3->PSC = 79;
 284              		.loc 1 95 6 is_stmt 0 view .LVU71
 285 003e DA69     		ldr	r2, [r3, #28]
  95:Src/main.c    ****   TIM3->PSC = 79;
 286              		.loc 1 95 16 view .LVU72
 287 0040 0220     		movs	r0, #2
 288 0042 0243     		orrs	r2, r0
 289 0044 DA61     		str	r2, [r3, #28]
  96:Src/main.c    ****   TIM3->ARR = 125;
 290              		.loc 1 96 3 is_stmt 1 view .LVU73
  96:Src/main.c    ****   TIM3->ARR = 125;
 291              		.loc 1 96 13 is_stmt 0 view .LVU74
 292 0046 2B4B     		ldr	r3, .L14+12
 293 0048 4F22     		movs	r2, #79
 294 004a 9A62     		str	r2, [r3, #40]
  97:Src/main.c    **** 
 295              		.loc 1 97 3 is_stmt 1 view .LVU75
  97:Src/main.c    **** 
 296              		.loc 1 97 13 is_stmt 0 view .LVU76
 297 004c 2E32     		adds	r2, r2, #46
 298 004e DA62     		str	r2, [r3, #44]
 100:Src/main.c    ****   TIM3->CCMR1 &= ~(TIM_CCMR1_CC2S_0 | TIM_CCMR1_CC2S_1); // channel 2
 299              		.loc 1 100 3 is_stmt 1 view .LVU77
 100:Src/main.c    ****   TIM3->CCMR1 &= ~(TIM_CCMR1_CC2S_0 | TIM_CCMR1_CC2S_1); // channel 2
 300              		.loc 1 100 7 is_stmt 0 view .LVU78
 301 0050 9A69     		ldr	r2, [r3, #24]
 100:Src/main.c    ****   TIM3->CCMR1 &= ~(TIM_CCMR1_CC2S_0 | TIM_CCMR1_CC2S_1); // channel 2
 302              		.loc 1 100 15 view .LVU79
 303 0052 0130     		adds	r0, r0, #1
 304 0054 8243     		bics	r2, r0
 305 0056 9A61     		str	r2, [r3, #24]
 101:Src/main.c    **** 
 306              		.loc 1 101 3 is_stmt 1 view .LVU80
 101:Src/main.c    **** 
 307              		.loc 1 101 7 is_stmt 0 view .LVU81
 308 0058 9A69     		ldr	r2, [r3, #24]
 101:Src/main.c    **** 
 309              		.loc 1 101 15 view .LVU82
 310 005a 2748     		ldr	r0, .L14+16
 311 005c 0240     		ands	r2, r0
 312 005e 9A61     		str	r2, [r3, #24]
 104:Src/main.c    ****   TIM3->CCMR1 |= (TIM_CCMR1_OC2M_1 | TIM_CCMR1_OC2M_2);
 313              		.loc 1 104 3 is_stmt 1 view .LVU83
 104:Src/main.c    ****   TIM3->CCMR1 |= (TIM_CCMR1_OC2M_1 | TIM_CCMR1_OC2M_2);
 314              		.loc 1 104 7 is_stmt 0 view .LVU84
 315 0060 9A69     		ldr	r2, [r3, #24]
 104:Src/main.c    ****   TIM3->CCMR1 |= (TIM_CCMR1_OC2M_1 | TIM_CCMR1_OC2M_2);
ARM GAS  /var/folders/p5/kmhjbybn0dlg720ptw11fhww0000gn/T//ccONZTIy.s 			page 22


 316              		.loc 1 104 15 view .LVU85
 317 0062 7020     		movs	r0, #112
 318 0064 0243     		orrs	r2, r0
 319 0066 9A61     		str	r2, [r3, #24]
 105:Src/main.c    ****   TIM3->CCMR1 &= ~TIM_CCMR1_OC2M_0;
 320              		.loc 1 105 3 is_stmt 1 view .LVU86
 105:Src/main.c    ****   TIM3->CCMR1 &= ~TIM_CCMR1_OC2M_0;
 321              		.loc 1 105 7 is_stmt 0 view .LVU87
 322 0068 9869     		ldr	r0, [r3, #24]
 105:Src/main.c    ****   TIM3->CCMR1 &= ~TIM_CCMR1_OC2M_0;
 323              		.loc 1 105 15 view .LVU88
 324 006a C022     		movs	r2, #192
 325 006c D201     		lsls	r2, r2, #7
 326 006e 0243     		orrs	r2, r0
 327 0070 9A61     		str	r2, [r3, #24]
 106:Src/main.c    ****   
 328              		.loc 1 106 3 is_stmt 1 view .LVU89
 106:Src/main.c    ****   
 329              		.loc 1 106 7 is_stmt 0 view .LVU90
 330 0072 9A69     		ldr	r2, [r3, #24]
 106:Src/main.c    ****   
 331              		.loc 1 106 15 view .LVU91
 332 0074 2148     		ldr	r0, .L14+20
 333 0076 0240     		ands	r2, r0
 334 0078 9A61     		str	r2, [r3, #24]
 108:Src/main.c    ****   TIM3->CCMR1 |= TIM_CCMR1_OC2PE; // Enable OC2PE
 335              		.loc 1 108 3 is_stmt 1 view .LVU92
 108:Src/main.c    ****   TIM3->CCMR1 |= TIM_CCMR1_OC2PE; // Enable OC2PE
 336              		.loc 1 108 7 is_stmt 0 view .LVU93
 337 007a 9A69     		ldr	r2, [r3, #24]
 108:Src/main.c    ****   TIM3->CCMR1 |= TIM_CCMR1_OC2PE; // Enable OC2PE
 338              		.loc 1 108 15 view .LVU94
 339 007c 0820     		movs	r0, #8
 340 007e 0243     		orrs	r2, r0
 341 0080 9A61     		str	r2, [r3, #24]
 109:Src/main.c    ****   TIM3->CR1 |= TIM_CR1_CEN;
 342              		.loc 1 109 3 is_stmt 1 view .LVU95
 109:Src/main.c    ****   TIM3->CR1 |= TIM_CR1_CEN;
 343              		.loc 1 109 7 is_stmt 0 view .LVU96
 344 0082 9869     		ldr	r0, [r3, #24]
 109:Src/main.c    ****   TIM3->CR1 |= TIM_CR1_CEN;
 345              		.loc 1 109 15 view .LVU97
 346 0084 8022     		movs	r2, #128
 347 0086 1201     		lsls	r2, r2, #4
 348 0088 0243     		orrs	r2, r0
 349 008a 9A61     		str	r2, [r3, #24]
 110:Src/main.c    **** 
 350              		.loc 1 110 3 is_stmt 1 view .LVU98
 110:Src/main.c    **** 
 351              		.loc 1 110 7 is_stmt 0 view .LVU99
 352 008c 1A68     		ldr	r2, [r3]
 110:Src/main.c    **** 
 353              		.loc 1 110 13 view .LVU100
 354 008e 0A43     		orrs	r2, r1
 355 0090 1A60     		str	r2, [r3]
 112:Src/main.c    **** 
 356              		.loc 1 112 3 is_stmt 1 view .LVU101
ARM GAS  /var/folders/p5/kmhjbybn0dlg720ptw11fhww0000gn/T//ccONZTIy.s 			page 23


 112:Src/main.c    **** 
 357              		.loc 1 112 7 is_stmt 0 view .LVU102
 358 0092 1A6A     		ldr	r2, [r3, #32]
 112:Src/main.c    **** 
 359              		.loc 1 112 14 view .LVU103
 360 0094 1031     		adds	r1, r1, #16
 361 0096 0A43     		orrs	r2, r1
 362 0098 1A62     		str	r2, [r3, #32]
 114:Src/main.c    ****   TIM3->CCR2 = 25; // 125 * 0.2 = 25, 125 * 0.9 = 112.5
 363              		.loc 1 114 3 is_stmt 1 view .LVU104
 114:Src/main.c    ****   TIM3->CCR2 = 25; // 125 * 0.2 = 25, 125 * 0.9 = 112.5
 364              		.loc 1 114 14 is_stmt 0 view .LVU105
 365 009a 1922     		movs	r2, #25
 366 009c 5A63     		str	r2, [r3, #52]
 115:Src/main.c    **** 
 367              		.loc 1 115 3 is_stmt 1 view .LVU106
 115:Src/main.c    **** 
 368              		.loc 1 115 14 is_stmt 0 view .LVU107
 369 009e 9A63     		str	r2, [r3, #56]
 121:Src/main.c    ****   GPIOC->MODER &= ~(GPIO_MODER_MODER9_1 | GPIO_MODER_MODER8_1 | GPIO_MODER_MODER7_0 | GPIO_MODER_MO
 370              		.loc 1 121 3 is_stmt 1 view .LVU108
 121:Src/main.c    ****   GPIOC->MODER &= ~(GPIO_MODER_MODER9_1 | GPIO_MODER_MODER8_1 | GPIO_MODER_MODER7_0 | GPIO_MODER_MO
 371              		.loc 1 121 8 is_stmt 0 view .LVU109
 372 00a0 174B     		ldr	r3, .L14+24
 373 00a2 1968     		ldr	r1, [r3]
 121:Src/main.c    ****   GPIOC->MODER &= ~(GPIO_MODER_MODER9_1 | GPIO_MODER_MODER8_1 | GPIO_MODER_MODER7_0 | GPIO_MODER_MO
 374              		.loc 1 121 16 view .LVU110
 375 00a4 B422     		movs	r2, #180
 376 00a6 D202     		lsls	r2, r2, #11
 377 00a8 0A43     		orrs	r2, r1
 378 00aa 1A60     		str	r2, [r3]
 122:Src/main.c    ****   GPIOC->OTYPER &= ~(GPIO_OTYPER_OT_8 | GPIO_OTYPER_OT_9 | GPIO_OTYPER_OT_6 | GPIO_OTYPER_OT_7);
 379              		.loc 1 122 3 is_stmt 1 view .LVU111
 122:Src/main.c    ****   GPIOC->OTYPER &= ~(GPIO_OTYPER_OT_8 | GPIO_OTYPER_OT_9 | GPIO_OTYPER_OT_6 | GPIO_OTYPER_OT_7);
 380              		.loc 1 122 8 is_stmt 0 view .LVU112
 381 00ac 1A68     		ldr	r2, [r3]
 122:Src/main.c    ****   GPIOC->OTYPER &= ~(GPIO_OTYPER_OT_8 | GPIO_OTYPER_OT_9 | GPIO_OTYPER_OT_6 | GPIO_OTYPER_OT_7);
 382              		.loc 1 122 16 view .LVU113
 383 00ae 1549     		ldr	r1, .L14+28
 384 00b0 0A40     		ands	r2, r1
 385 00b2 1A60     		str	r2, [r3]
 123:Src/main.c    ****   GPIOC->OSPEEDR &= ~(GPIO_OSPEEDR_OSPEEDR8 | GPIO_OSPEEDR_OSPEEDR9 | GPIO_OSPEEDR_OSPEEDR6 | GPIO_
 386              		.loc 1 123 3 is_stmt 1 view .LVU114
 123:Src/main.c    ****   GPIOC->OSPEEDR &= ~(GPIO_OSPEEDR_OSPEEDR8 | GPIO_OSPEEDR_OSPEEDR9 | GPIO_OSPEEDR_OSPEEDR6 | GPIO_
 387              		.loc 1 123 8 is_stmt 0 view .LVU115
 388 00b4 5A68     		ldr	r2, [r3, #4]
 123:Src/main.c    ****   GPIOC->OSPEEDR &= ~(GPIO_OSPEEDR_OSPEEDR8 | GPIO_OSPEEDR_OSPEEDR9 | GPIO_OSPEEDR_OSPEEDR6 | GPIO_
 389              		.loc 1 123 17 view .LVU116
 390 00b6 1449     		ldr	r1, .L14+32
 391 00b8 0A40     		ands	r2, r1
 392 00ba 5A60     		str	r2, [r3, #4]
 124:Src/main.c    ****   GPIOC->PUPDR &= ~(GPIO_PUPDR_PUPDR8 | GPIO_PUPDR_PUPDR9 | GPIO_PUPDR_PUPDR6 | GPIO_PUPDR_PUPDR7);
 393              		.loc 1 124 3 is_stmt 1 view .LVU117
 124:Src/main.c    ****   GPIOC->PUPDR &= ~(GPIO_PUPDR_PUPDR8 | GPIO_PUPDR_PUPDR9 | GPIO_PUPDR_PUPDR6 | GPIO_PUPDR_PUPDR7);
 394              		.loc 1 124 8 is_stmt 0 view .LVU118
 395 00bc 9A68     		ldr	r2, [r3, #8]
 124:Src/main.c    ****   GPIOC->PUPDR &= ~(GPIO_PUPDR_PUPDR8 | GPIO_PUPDR_PUPDR9 | GPIO_PUPDR_PUPDR6 | GPIO_PUPDR_PUPDR7);
ARM GAS  /var/folders/p5/kmhjbybn0dlg720ptw11fhww0000gn/T//ccONZTIy.s 			page 24


 396              		.loc 1 124 18 view .LVU119
 397 00be 1349     		ldr	r1, .L14+36
 398 00c0 0A40     		ands	r2, r1
 399 00c2 9A60     		str	r2, [r3, #8]
 125:Src/main.c    ****   GPIOC->AFR[0] |= GPIO_AFRL_AFRL0;
 400              		.loc 1 125 3 is_stmt 1 view .LVU120
 125:Src/main.c    ****   GPIOC->AFR[0] |= GPIO_AFRL_AFRL0;
 401              		.loc 1 125 8 is_stmt 0 view .LVU121
 402 00c4 DA68     		ldr	r2, [r3, #12]
 125:Src/main.c    ****   GPIOC->AFR[0] |= GPIO_AFRL_AFRL0;
 403              		.loc 1 125 16 view .LVU122
 404 00c6 0A40     		ands	r2, r1
 405 00c8 DA60     		str	r2, [r3, #12]
 126:Src/main.c    ****   GPIOC->AFR[1] |= GPIO_AFRH_AFRH0;
 406              		.loc 1 126 3 is_stmt 1 view .LVU123
 126:Src/main.c    ****   GPIOC->AFR[1] |= GPIO_AFRH_AFRH0;
 407              		.loc 1 126 13 is_stmt 0 view .LVU124
 408 00ca 1A6A     		ldr	r2, [r3, #32]
 126:Src/main.c    ****   GPIOC->AFR[1] |= GPIO_AFRH_AFRH0;
 409              		.loc 1 126 17 view .LVU125
 410 00cc 0F21     		movs	r1, #15
 411 00ce 0A43     		orrs	r2, r1
 412 00d0 1A62     		str	r2, [r3, #32]
 127:Src/main.c    **** 
 413              		.loc 1 127 3 is_stmt 1 view .LVU126
 127:Src/main.c    **** 
 414              		.loc 1 127 13 is_stmt 0 view .LVU127
 415 00d2 5A6A     		ldr	r2, [r3, #36]
 127:Src/main.c    **** 
 416              		.loc 1 127 17 view .LVU128
 417 00d4 0A43     		orrs	r2, r1
 418 00d6 5A62     		str	r2, [r3, #36]
 129:Src/main.c    **** }
 419              		.loc 1 129 3 is_stmt 1 view .LVU129
 129:Src/main.c    **** }
 420              		.loc 1 129 8 is_stmt 0 view .LVU130
 421 00d8 5969     		ldr	r1, [r3, #20]
 129:Src/main.c    **** }
 422              		.loc 1 129 14 view .LVU131
 423 00da 8022     		movs	r2, #128
 424 00dc 9200     		lsls	r2, r2, #2
 425 00de 0A43     		orrs	r2, r1
 426 00e0 5A61     		str	r2, [r3, #20]
 130:Src/main.c    **** 
 427              		.loc 1 130 1 view .LVU132
 428 00e2 0020     		movs	r0, #0
 429              		@ sp needed
 430 00e4 10BD     		pop	{r4, pc}
 431              	.L15:
 432 00e6 C046     		.align	2
 433              	.L14:
 434 00e8 00100240 		.word	1073876992
 435 00ec 3F1F0000 		.word	7999
 436 00f0 00E100E0 		.word	-536813312
 437 00f4 00040040 		.word	1073742848
 438 00f8 FFFCFFFF 		.word	-769
 439 00fc FFEFFFFF 		.word	-4097
ARM GAS  /var/folders/p5/kmhjbybn0dlg720ptw11fhww0000gn/T//ccONZTIy.s 			page 25


 440 0100 00080048 		.word	1207961600
 441 0104 FFAFF5FF 		.word	-675841
 442 0108 3FFCFFFF 		.word	-961
 443 010c FF0FF0FF 		.word	-1044481
 444              		.cfi_endproc
 445              	.LFE41:
 447              		.text
 448              	.Letext0:
 449              		.file 3 "Drivers/CMSIS/Device/ST/STM32F0xx/Include/stm32f072xb.h"
 450              		.file 4 "/Applications/ArmGNUToolchain/13.2.Rel1/arm-none-eabi/arm-none-eabi/include/machine/_defa
 451              		.file 5 "/Applications/ArmGNUToolchain/13.2.Rel1/arm-none-eabi/arm-none-eabi/include/sys/_stdint.h
 452              		.file 6 "Drivers/STM32F0xx_HAL_Driver/Inc/stm32f0xx_hal_def.h"
 453              		.file 7 "Drivers/STM32F0xx_HAL_Driver/Inc/stm32f0xx_hal_rcc.h"
 454              		.file 8 "Drivers/STM32F0xx_HAL_Driver/Inc/stm32f0xx_hal_cortex.h"
 455              		.file 9 "Drivers/STM32F0xx_HAL_Driver/Inc/stm32f0xx_hal.h"
ARM GAS  /var/folders/p5/kmhjbybn0dlg720ptw11fhww0000gn/T//ccONZTIy.s 			page 26


DEFINED SYMBOLS
                            *ABS*:00000000 main.c
/var/folders/p5/kmhjbybn0dlg720ptw11fhww0000gn/T//ccONZTIy.s:19     .text.TIM2_IRQHandler:00000000 $t
/var/folders/p5/kmhjbybn0dlg720ptw11fhww0000gn/T//ccONZTIy.s:25     .text.TIM2_IRQHandler:00000000 TIM2_IRQHandler
/var/folders/p5/kmhjbybn0dlg720ptw11fhww0000gn/T//ccONZTIy.s:56     .text.TIM2_IRQHandler:0000001c $d
/var/folders/p5/kmhjbybn0dlg720ptw11fhww0000gn/T//ccONZTIy.s:61     .text._Error_Handler:00000000 $t
/var/folders/p5/kmhjbybn0dlg720ptw11fhww0000gn/T//ccONZTIy.s:67     .text._Error_Handler:00000000 _Error_Handler
/var/folders/p5/kmhjbybn0dlg720ptw11fhww0000gn/T//ccONZTIy.s:85     .rodata.SystemClock_Config.str1.4:00000000 $d
/var/folders/p5/kmhjbybn0dlg720ptw11fhww0000gn/T//ccONZTIy.s:90     .text.SystemClock_Config:00000000 $t
/var/folders/p5/kmhjbybn0dlg720ptw11fhww0000gn/T//ccONZTIy.s:96     .text.SystemClock_Config:00000000 SystemClock_Config
/var/folders/p5/kmhjbybn0dlg720ptw11fhww0000gn/T//ccONZTIy.s:199    .text.SystemClock_Config:0000006c $d
/var/folders/p5/kmhjbybn0dlg720ptw11fhww0000gn/T//ccONZTIy.s:204    .text.main:00000000 $t
/var/folders/p5/kmhjbybn0dlg720ptw11fhww0000gn/T//ccONZTIy.s:210    .text.main:00000000 main
/var/folders/p5/kmhjbybn0dlg720ptw11fhww0000gn/T//ccONZTIy.s:434    .text.main:000000e8 $d

UNDEFINED SYMBOLS
__aeabi_uidiv
HAL_RCC_OscConfig
HAL_RCC_ClockConfig
HAL_RCC_GetHCLKFreq
HAL_SYSTICK_Config
HAL_SYSTICK_CLKSourceConfig
HAL_NVIC_SetPriority
HAL_Init
